#
# There is insufficient memory for the Java Runtime Environment to continue.
# Native memory allocation (malloc) failed to allocate 2884816 bytes for Chunk::new
# Possible reasons:
#   The system is out of physical RAM or swap space
#   The process is running with CompressedOops enabled, and the Java Heap may be blocking the growth of the native heap
# Possible solutions:
#   Reduce memory load on the system
#   Increase physical memory or swap space
#   Check if swap backing store is full
#   Decrease Java heap size (-Xmx/-Xms)
#   Decrease number of Java threads
#   Decrease Java thread stack sizes (-Xss)
#   Set larger code cache with -XX:ReservedCodeCacheSize=
#   JVM is running with Unscaled Compressed Oops mode in which the Java heap is
#     placed in the first 4GB address space. The Java Heap base address is the
#     maximum limit for the native heap growth. Please use -XX:HeapBaseMinAddress
#     to set the Java Heap base and to place the Java Heap above 4GB virtual address.
# This output file may be truncated or incomplete.
#
#  Out of Memory Error (./src/hotspot/share/memory/arena.cpp:197), pid=7948, tid=7136
#
# JRE version: OpenJDK Runtime Environment AdoptOpenJDK (11.0.9.1+1) (build 11.0.9.1+1)
# Java VM: OpenJDK 64-Bit Server VM AdoptOpenJDK (11.0.9.1+1, mixed mode, tiered, compressed oops, g1 gc, windows-amd64)
# No core dump will be written. Minidumps are not enabled by default on client versions of Windows
#

---------------  S U M M A R Y ------------

Command Line: -agentlib:jdwp=transport=dt_socket,address=127.0.0.1:50966,suspend=y,server=n -javaagent:C:\Users\Laura\AppData\Local\JetBrains\IdeaIC2021.1\captureAgent\debugger-agent.jar -Dfile.encoding=UTF-8 one.digitalinnovation.personapi.PersonapiApplication

Host: Intel(R) Core(TM) i5-8265U CPU @ 1.60GHz, 8 cores, 7G,  Windows 10 , 64 bit Build 19041 (10.0.19041.1023)
Time: Tue Jul 20 23:33:23 2021 Hora oficial do Brasil elapsed time: 5.028379 seconds (0d 0h 0m 5s)

---------------  T H R E A D  ---------------

Current thread (0x000001b8e4c33000):  JavaThread "C2 CompilerThread1" daemon [_thread_in_native, id=7136, stack(0x00000086bf300000,0x00000086bf400000)]


Current CompileTask:
C2:   5028 2822   !   4       jdk.internal.loader.BuiltinClassLoader::loadClassOrNull (143 bytes)

Stack: [0x00000086bf300000,0x00000086bf400000]
Native frames: (J=compiled Java code, j=interpreted, Vv=VM code, C=native code)
V  [jvm.dll+0x5f465a]
V  [jvm.dll+0x77c78e]
V  [jvm.dll+0x77de5f]
V  [jvm.dll+0x77e523]
V  [jvm.dll+0x2477c8]
V  [jvm.dll+0xbe2ec]
V  [jvm.dll+0xbe9ec]
V  [jvm.dll+0x34d157]
V  [jvm.dll+0x1993e9]
V  [jvm.dll+0x201192]
V  [jvm.dll+0x20023f]
V  [jvm.dll+0x184fbc]
V  [jvm.dll+0x20f7f7]
V  [jvm.dll+0x20d9db]
V  [jvm.dll+0x741029]
V  [jvm.dll+0x73a0d4]
V  [jvm.dll+0x5f3586]
C  [ucrtbase.dll+0x21bb2]
C  [KERNEL32.DLL+0x17034]
C  [ntdll.dll+0x52651]


---------------  P R O C E S S  ---------------

Threads class SMR info:
_java_thread_list=0x000001b8e755c610, length=17, elements={
0x000001b8c4989000, 0x000001b8e38a5000, 0x000001b8e38ae000, 0x000001b8e38b9800,
0x000001b8e38bb800, 0x000001b8e38bd800, 0x000001b8e423b000, 0x000001b8e423c000,
0x000001b8e439d800, 0x000001b8e450f800, 0x000001b8e4512800, 0x000001b8e4513800,
0x000001b8e46c3000, 0x000001b8e4c33000, 0x000001b8e4cb8000, 0x000001b8e50d2800,
0x000001b8e50d8000
}

Java Threads: ( => current thread )
  0x000001b8c4989000 JavaThread "main" [_thread_blocked, id=10856, stack(0x00000086bdf00000,0x00000086be000000)]
  0x000001b8e38a5000 JavaThread "Reference Handler" daemon [_thread_blocked, id=5808, stack(0x00000086be600000,0x00000086be700000)]
  0x000001b8e38ae000 JavaThread "Finalizer" daemon [_thread_blocked, id=8860, stack(0x00000086be700000,0x00000086be800000)]
  0x000001b8e38b9800 JavaThread "Signal Dispatcher" daemon [_thread_blocked, id=10288, stack(0x00000086be800000,0x00000086be900000)]
  0x000001b8e38bb800 JavaThread "Attach Listener" daemon [_thread_blocked, id=10104, stack(0x00000086be900000,0x00000086bea00000)]
  0x000001b8e38bd800 JavaThread "C2 CompilerThread0" daemon [_thread_blocked, id=12356, stack(0x00000086bea00000,0x00000086beb00000)]
  0x000001b8e423b000 JavaThread "C1 CompilerThread0" daemon [_thread_in_vm, id=5800, stack(0x00000086beb00000,0x00000086bec00000)]
  0x000001b8e423c000 JavaThread "Sweeper thread" daemon [_thread_blocked, id=7320, stack(0x00000086bec00000,0x00000086bed00000)]
  0x000001b8e439d800 JavaThread "Common-Cleaner" daemon [_thread_blocked, id=6532, stack(0x00000086bed00000,0x00000086bee00000)]
  0x000001b8e450f800 JavaThread "JDWP Transport Listener: dt_socket" daemon [_thread_blocked, id=7764, stack(0x00000086bee00000,0x00000086bef00000)]
  0x000001b8e4512800 JavaThread "JDWP Event Helper Thread" daemon [_thread_blocked, id=10108, stack(0x00000086bef00000,0x00000086bf000000)]
  0x000001b8e4513800 JavaThread "JDWP Command Reader" daemon [_thread_in_native, id=5980, stack(0x00000086bf000000,0x00000086bf100000)]
  0x000001b8e46c3000 JavaThread "Service Thread" daemon [_thread_blocked, id=11684, stack(0x00000086bf100000,0x00000086bf200000)]
=>0x000001b8e4c33000 JavaThread "C2 CompilerThread1" daemon [_thread_in_native, id=7136, stack(0x00000086bf300000,0x00000086bf400000)]
  0x000001b8e4cb8000 JavaThread "C2 CompilerThread2" daemon [_thread_in_native, id=9904, stack(0x00000086bf400000,0x00000086bf500000)]
  0x000001b8e50d2800 JavaThread "Thread-0" [_thread_blocked, id=6992, stack(0x00000086bf700000,0x00000086bf800000)]
  0x000001b8e50d8000 JavaThread "restartedMain" [_thread_in_Java, id=3732, stack(0x00000086bf800000,0x00000086bf900000)]

Other Threads:
  0x000001b8e3882000 VMThread "VM Thread" [stack: 0x00000086be500000,0x00000086be600000] [id=2500]
  0x000001b8e46c3800 WatcherThread [stack: 0x00000086bf200000,0x00000086bf300000] [id=1136]
  0x000001b8c499f800 GCTaskThread "GC Thread#0" [stack: 0x00000086be000000,0x00000086be100000] [id=12956]
  0x000001b8e5123000 GCTaskThread "GC Thread#1" [stack: 0x00000086bf500000,0x00000086bf600000] [id=1672]
  0x000001b8e5124000 GCTaskThread "GC Thread#2" [stack: 0x00000086bf600000,0x00000086bf700000] [id=1240]
  0x000001b8e55f0000 GCTaskThread "GC Thread#3" [stack: 0x00000086bfa00000,0x00000086bfb00000] [id=1476]
  0x000001b8e553d000 GCTaskThread "GC Thread#4" [stack: 0x00000086bfb00000,0x00000086bfc00000] [id=7812]
  0x000001b8e53a0000 GCTaskThread "GC Thread#5" [stack: 0x00000086bfc00000,0x00000086bfd00000] [id=6680]
  0x000001b8e53a0800 GCTaskThread "GC Thread#6" [stack: 0x00000086bfd00000,0x00000086bfe00000] [id=12028]
  0x000001b8e5845000 GCTaskThread "GC Thread#7" [stack: 0x00000086bfe00000,0x00000086bff00000] [id=8952]
  0x000001b8c49d2800 ConcurrentGCThread "G1 Main Marker" [stack: 0x00000086be100000,0x00000086be200000] [id=5444]
  0x000001b8c49d4000 ConcurrentGCThread "G1 Conc#0" [stack: 0x00000086be200000,0x00000086be300000] [id=1324]
  0x000001b8e5adf800 ConcurrentGCThread "G1 Conc#1" [stack: 0x00000086bff00000,0x00000086c0000000] [id=5644]
  0x000001b8c4a54800 ConcurrentGCThread "G1 Refine#0" [stack: 0x00000086be300000,0x00000086be400000] [id=12772]
  0x000001b8c4a56000 ConcurrentGCThread "G1 Young RemSet Sampling" [stack: 0x00000086be400000,0x00000086be500000] [id=13032]

Threads with active compile tasks:
C2 CompilerThread1   5159 2822   !   4       jdk.internal.loader.BuiltinClassLoader::loadClassOrNull (143 bytes)
C2 CompilerThread2   5159 3175       4       org.springframework.core.annotation.TypeMappedAnnotation::getValue (151 bytes)

VM state:not at safepoint (normal execution)

VM Mutex/Monitor currently owned by a thread: None

Heap address: 0x0000000082400000, size: 2012 MB, Compressed Oops mode: 32-bit
Narrow klass base: 0x0000000000000000, Narrow klass shift: 3
Compressed class space size: 1073741824 Address: 0x0000000100000000

Heap:
 garbage-first heap   total 129024K, used 13431K [0x0000000082400000, 0x0000000100000000)
  region size 1024K, 8 young (8192K), 6 survivors (6144K)
 Metaspace       used 29606K, capacity 30398K, committed 30592K, reserved 1077248K
  class space    used 3354K, capacity 3656K, committed 3712K, reserved 1048576K
Heap Regions: E=young(eden), S=young(survivor), O=old, HS=humongous(starts), HC=humongous(continues), CS=collection set, F=free, A=archive, TAMS=top-at-mark-start (previous, next)
|   0|0x0000000082400000, 0x0000000082500000, 0x0000000082500000|100%|HS|  |TAMS 0x0000000082500000, 0x0000000082400000| Complete 
|   1|0x0000000082500000, 0x0000000082600000, 0x0000000082600000|100%| O|  |TAMS 0x0000000082600000, 0x0000000082500000| Untracked 
|   2|0x0000000082600000, 0x0000000082700000, 0x0000000082700000|100%| O|  |TAMS 0x0000000082700000, 0x0000000082600000| Untracked 
|   3|0x0000000082700000, 0x0000000082800000, 0x0000000082800000|100%| O|  |TAMS 0x0000000082726000, 0x0000000082700000| Untracked 
|   4|0x0000000082800000, 0x0000000082900000, 0x0000000082900000|100%| O|  |TAMS 0x0000000082800000, 0x0000000082800000| Untracked 
|   5|0x0000000082900000, 0x0000000082a00000, 0x0000000082a00000|100%| O|  |TAMS 0x0000000082900000, 0x0000000082900000| Untracked 
|   6|0x0000000082a00000, 0x0000000082a37400, 0x0000000082b00000| 21%| O|  |TAMS 0x0000000082a00000, 0x0000000082a00000| Untracked 
|   7|0x0000000082b00000, 0x0000000082b00000, 0x0000000082c00000|  0%| F|  |TAMS 0x0000000082b00000, 0x0000000082b00000| Untracked 
|   8|0x0000000082c00000, 0x0000000082c00000, 0x0000000082d00000|  0%| F|  |TAMS 0x0000000082c00000, 0x0000000082c00000| Untracked 
|   9|0x0000000082d00000, 0x0000000082d00000, 0x0000000082e00000|  0%| F|  |TAMS 0x0000000082d00000, 0x0000000082d00000| Untracked 
|  10|0x0000000082e00000, 0x0000000082e00000, 0x0000000082f00000|  0%| F|  |TAMS 0x0000000082e00000, 0x0000000082e00000| Untracked 
|  11|0x0000000082f00000, 0x0000000082f00000, 0x0000000083000000|  0%| F|  |TAMS 0x0000000082f00000, 0x0000000082f00000| Untracked 
|  12|0x0000000083000000, 0x0000000083000000, 0x0000000083100000|  0%| F|  |TAMS 0x0000000083000000, 0x0000000083000000| Untracked 
|  13|0x0000000083100000, 0x0000000083100000, 0x0000000083200000|  0%| F|  |TAMS 0x0000000083100000, 0x0000000083100000| Untracked 
|  14|0x0000000083200000, 0x0000000083200000, 0x0000000083300000|  0%| F|  |TAMS 0x0000000083200000, 0x0000000083200000| Untracked 
|  15|0x0000000083300000, 0x0000000083300000, 0x0000000083400000|  0%| F|  |TAMS 0x0000000083300000, 0x0000000083300000| Untracked 
|  16|0x0000000083400000, 0x0000000083400000, 0x0000000083500000|  0%| F|  |TAMS 0x0000000083400000, 0x0000000083400000| Untracked 
|  17|0x0000000083500000, 0x0000000083500000, 0x0000000083600000|  0%| F|  |TAMS 0x0000000083500000, 0x0000000083500000| Untracked 
|  18|0x0000000083600000, 0x0000000083600000, 0x0000000083700000|  0%| F|  |TAMS 0x0000000083600000, 0x0000000083600000| Untracked 
|  19|0x0000000083700000, 0x0000000083700000, 0x0000000083800000|  0%| F|  |TAMS 0x0000000083700000, 0x0000000083700000| Untracked 
|  20|0x0000000083800000, 0x0000000083800000, 0x0000000083900000|  0%| F|  |TAMS 0x0000000083800000, 0x0000000083800000| Untracked 
|  21|0x0000000083900000, 0x0000000083900000, 0x0000000083a00000|  0%| F|  |TAMS 0x0000000083900000, 0x0000000083900000| Untracked 
|  22|0x0000000083a00000, 0x0000000083a00000, 0x0000000083b00000|  0%| F|  |TAMS 0x0000000083a00000, 0x0000000083a00000| Untracked 
|  23|0x0000000083b00000, 0x0000000083b00000, 0x0000000083c00000|  0%| F|  |TAMS 0x0000000083b00000, 0x0000000083b00000| Untracked 
|  24|0x0000000083c00000, 0x0000000083c00000, 0x0000000083d00000|  0%| F|  |TAMS 0x0000000083c00000, 0x0000000083c00000| Untracked 
|  25|0x0000000083d00000, 0x0000000083d00000, 0x0000000083e00000|  0%| F|  |TAMS 0x0000000083d00000, 0x0000000083d00000| Untracked 
|  26|0x0000000083e00000, 0x0000000083e00000, 0x0000000083f00000|  0%| F|  |TAMS 0x0000000083e00000, 0x0000000083e00000| Untracked 
|  27|0x0000000083f00000, 0x0000000083f00000, 0x0000000084000000|  0%| F|  |TAMS 0x0000000083f00000, 0x0000000083f00000| Untracked 
|  28|0x0000000084000000, 0x0000000084000000, 0x0000000084100000|  0%| F|  |TAMS 0x0000000084000000, 0x0000000084000000| Untracked 
|  29|0x0000000084100000, 0x0000000084100000, 0x0000000084200000|  0%| F|  |TAMS 0x0000000084100000, 0x0000000084100000| Untracked 
|  30|0x0000000084200000, 0x0000000084200000, 0x0000000084300000|  0%| F|  |TAMS 0x0000000084200000, 0x0000000084200000| Untracked 
|  31|0x0000000084300000, 0x0000000084300000, 0x0000000084400000|  0%| F|  |TAMS 0x0000000084300000, 0x0000000084300000| Untracked 
|  32|0x0000000084400000, 0x0000000084400000, 0x0000000084500000|  0%| F|  |TAMS 0x0000000084400000, 0x0000000084400000| Untracked 
|  33|0x0000000084500000, 0x0000000084500000, 0x0000000084600000|  0%| F|  |TAMS 0x0000000084500000, 0x0000000084500000| Untracked 
|  34|0x0000000084600000, 0x0000000084600000, 0x0000000084700000|  0%| F|  |TAMS 0x0000000084600000, 0x0000000084600000| Untracked 
|  35|0x0000000084700000, 0x0000000084700000, 0x0000000084800000|  0%| F|  |TAMS 0x0000000084700000, 0x0000000084700000| Untracked 
|  36|0x0000000084800000, 0x0000000084800000, 0x0000000084900000|  0%| F|  |TAMS 0x0000000084800000, 0x0000000084800000| Untracked 
|  37|0x0000000084900000, 0x0000000084900000, 0x0000000084a00000|  0%| F|  |TAMS 0x0000000084900000, 0x0000000084900000| Untracked 
|  38|0x0000000084a00000, 0x0000000084a00000, 0x0000000084b00000|  0%| F|  |TAMS 0x0000000084a00000, 0x0000000084a00000| Untracked 
|  39|0x0000000084b00000, 0x0000000084b00000, 0x0000000084c00000|  0%| F|  |TAMS 0x0000000084b00000, 0x0000000084b00000| Untracked 
|  40|0x0000000084c00000, 0x0000000084c00000, 0x0000000084d00000|  0%| F|  |TAMS 0x0000000084c00000, 0x0000000084c00000| Untracked 
|  41|0x0000000084d00000, 0x0000000084d00000, 0x0000000084e00000|  0%| F|  |TAMS 0x0000000084d00000, 0x0000000084d00000| Untracked 
|  42|0x0000000084e00000, 0x0000000084e00000, 0x0000000084f00000|  0%| F|  |TAMS 0x0000000084e00000, 0x0000000084e00000| Untracked 
|  43|0x0000000084f00000, 0x0000000084f00000, 0x0000000085000000|  0%| F|  |TAMS 0x0000000084f00000, 0x0000000084f00000| Untracked 
|  44|0x0000000085000000, 0x0000000085000000, 0x0000000085100000|  0%| F|  |TAMS 0x0000000085000000, 0x0000000085000000| Untracked 
|  45|0x0000000085100000, 0x0000000085100000, 0x0000000085200000|  0%| F|  |TAMS 0x0000000085100000, 0x0000000085100000| Untracked 
|  46|0x0000000085200000, 0x00000000852e6aa0, 0x0000000085300000| 90%| S|CS|TAMS 0x0000000085200000, 0x0000000085200000| Complete 
|  47|0x0000000085300000, 0x0000000085400000, 0x0000000085400000|100%| S|CS|TAMS 0x0000000085300000, 0x0000000085300000| Complete 
|  48|0x0000000085400000, 0x0000000085500000, 0x0000000085500000|100%| S|CS|TAMS 0x0000000085400000, 0x0000000085400000| Complete 
|  49|0x0000000085500000, 0x0000000085600000, 0x0000000085600000|100%| S|CS|TAMS 0x0000000085500000, 0x0000000085500000| Complete 
|  50|0x0000000085600000, 0x0000000085700000, 0x0000000085700000|100%| S|CS|TAMS 0x0000000085600000, 0x0000000085600000| Complete 
|  51|0x0000000085700000, 0x0000000085800000, 0x0000000085800000|100%| S|CS|TAMS 0x0000000085700000, 0x0000000085700000| Complete 
|  52|0x0000000085800000, 0x0000000085800000, 0x0000000085900000|  0%| F|  |TAMS 0x0000000085800000, 0x0000000085800000| Untracked 
|  53|0x0000000085900000, 0x0000000085900000, 0x0000000085a00000|  0%| F|  |TAMS 0x0000000085900000, 0x0000000085900000| Untracked 
|  54|0x0000000085a00000, 0x0000000085a00000, 0x0000000085b00000|  0%| F|  |TAMS 0x0000000085a00000, 0x0000000085a00000| Untracked 
|  55|0x0000000085b00000, 0x0000000085b00000, 0x0000000085c00000|  0%| F|  |TAMS 0x0000000085b00000, 0x0000000085b00000| Untracked 
|  56|0x0000000085c00000, 0x0000000085c00000, 0x0000000085d00000|  0%| F|  |TAMS 0x0000000085c00000, 0x0000000085c00000| Untracked 
|  57|0x0000000085d00000, 0x0000000085d00000, 0x0000000085e00000|  0%| F|  |TAMS 0x0000000085d00000, 0x0000000085d00000| Untracked 
|  58|0x0000000085e00000, 0x0000000085e00000, 0x0000000085f00000|  0%| F|  |TAMS 0x0000000085e00000, 0x0000000085e00000| Untracked 
|  59|0x0000000085f00000, 0x0000000085f00000, 0x0000000086000000|  0%| F|  |TAMS 0x0000000085f00000, 0x0000000085f00000| Untracked 
|  60|0x0000000086000000, 0x0000000086000000, 0x0000000086100000|  0%| F|  |TAMS 0x0000000086000000, 0x0000000086000000| Untracked 
|  61|0x0000000086100000, 0x0000000086100000, 0x0000000086200000|  0%| F|  |TAMS 0x0000000086100000, 0x0000000086100000| Untracked 
|  62|0x0000000086200000, 0x0000000086200000, 0x0000000086300000|  0%| F|  |TAMS 0x0000000086200000, 0x0000000086200000| Untracked 
|  63|0x0000000086300000, 0x0000000086300000, 0x0000000086400000|  0%| F|  |TAMS 0x0000000086300000, 0x0000000086300000| Untracked 
|  64|0x0000000086400000, 0x0000000086400000, 0x0000000086500000|  0%| F|  |TAMS 0x0000000086400000, 0x0000000086400000| Untracked 
|  65|0x0000000086500000, 0x0000000086500000, 0x0000000086600000|  0%| F|  |TAMS 0x0000000086500000, 0x0000000086500000| Untracked 
|  66|0x0000000086600000, 0x0000000086600000, 0x0000000086700000|  0%| F|  |TAMS 0x0000000086600000, 0x0000000086600000| Untracked 
|  67|0x0000000086700000, 0x0000000086700000, 0x0000000086800000|  0%| F|  |TAMS 0x0000000086700000, 0x0000000086700000| Untracked 
|  68|0x0000000086800000, 0x0000000086800000, 0x0000000086900000|  0%| F|  |TAMS 0x0000000086800000, 0x0000000086800000| Untracked 
|  69|0x0000000086900000, 0x0000000086900000, 0x0000000086a00000|  0%| F|  |TAMS 0x0000000086900000, 0x0000000086900000| Untracked 
|  70|0x0000000086a00000, 0x0000000086a00000, 0x0000000086b00000|  0%| F|  |TAMS 0x0000000086a00000, 0x0000000086a00000| Untracked 
|  71|0x0000000086b00000, 0x0000000086b00000, 0x0000000086c00000|  0%| F|  |TAMS 0x0000000086b00000, 0x0000000086b00000| Untracked 
|  72|0x0000000086c00000, 0x0000000086c00000, 0x0000000086d00000|  0%| F|  |TAMS 0x0000000086c00000, 0x0000000086c00000| Untracked 
|  73|0x0000000086d00000, 0x0000000086d00000, 0x0000000086e00000|  0%| F|  |TAMS 0x0000000086d00000, 0x0000000086d00000| Untracked 
|  74|0x0000000086e00000, 0x0000000086e00000, 0x0000000086f00000|  0%| F|  |TAMS 0x0000000086e00000, 0x0000000086e00000| Untracked 
|  75|0x0000000086f00000, 0x0000000086f00000, 0x0000000087000000|  0%| F|  |TAMS 0x0000000086f00000, 0x0000000086f00000| Untracked 
|  76|0x0000000087000000, 0x0000000087000000, 0x0000000087100000|  0%| F|  |TAMS 0x0000000087000000, 0x0000000087000000| Untracked 
|  77|0x0000000087100000, 0x0000000087100000, 0x0000000087200000|  0%| F|  |TAMS 0x0000000087100000, 0x0000000087100000| Untracked 
|  78|0x0000000087200000, 0x0000000087200000, 0x0000000087300000|  0%| F|  |TAMS 0x0000000087200000, 0x0000000087200000| Untracked 
|  79|0x0000000087300000, 0x0000000087300000, 0x0000000087400000|  0%| F|  |TAMS 0x0000000087300000, 0x0000000087300000| Untracked 
|  80|0x0000000087400000, 0x0000000087400000, 0x0000000087500000|  0%| F|  |TAMS 0x0000000087400000, 0x0000000087400000| Untracked 
|  81|0x0000000087500000, 0x0000000087500000, 0x0000000087600000|  0%| F|  |TAMS 0x0000000087500000, 0x0000000087500000| Untracked 
|  82|0x0000000087600000, 0x0000000087600000, 0x0000000087700000|  0%| F|  |TAMS 0x0000000087600000, 0x0000000087600000| Untracked 
|  83|0x0000000087700000, 0x0000000087700000, 0x0000000087800000|  0%| F|  |TAMS 0x0000000087700000, 0x0000000087700000| Untracked 
|  84|0x0000000087800000, 0x0000000087800000, 0x0000000087900000|  0%| F|  |TAMS 0x0000000087800000, 0x0000000087800000| Untracked 
|  85|0x0000000087900000, 0x0000000087900000, 0x0000000087a00000|  0%| F|  |TAMS 0x0000000087900000, 0x0000000087900000| Untracked 
|  86|0x0000000087a00000, 0x0000000087a00000, 0x0000000087b00000|  0%| F|  |TAMS 0x0000000087a00000, 0x0000000087a00000| Untracked 
|  87|0x0000000087b00000, 0x0000000087b00000, 0x0000000087c00000|  0%| F|  |TAMS 0x0000000087b00000, 0x0000000087b00000| Untracked 
|  88|0x0000000087c00000, 0x0000000087c00000, 0x0000000087d00000|  0%| F|  |TAMS 0x0000000087c00000, 0x0000000087c00000| Untracked 
|  89|0x0000000087d00000, 0x0000000087d00000, 0x0000000087e00000|  0%| F|  |TAMS 0x0000000087d00000, 0x0000000087d00000| Untracked 
|  90|0x0000000087e00000, 0x0000000087e00000, 0x0000000087f00000|  0%| F|  |TAMS 0x0000000087e00000, 0x0000000087e00000| Untracked 
|  91|0x0000000087f00000, 0x0000000087f00000, 0x0000000088000000|  0%| F|  |TAMS 0x0000000087f00000, 0x0000000087f00000| Untracked 
|  92|0x0000000088000000, 0x0000000088000000, 0x0000000088100000|  0%| F|  |TAMS 0x0000000088000000, 0x0000000088000000| Untracked 
|  93|0x0000000088100000, 0x0000000088100000, 0x0000000088200000|  0%| F|  |TAMS 0x0000000088100000, 0x0000000088100000| Untracked 
|  94|0x0000000088200000, 0x0000000088200000, 0x0000000088300000|  0%| F|  |TAMS 0x0000000088200000, 0x0000000088200000| Untracked 
|  95|0x0000000088300000, 0x0000000088300000, 0x0000000088400000|  0%| F|  |TAMS 0x0000000088300000, 0x0000000088300000| Untracked 
|  96|0x0000000088400000, 0x0000000088400000, 0x0000000088500000|  0%| F|  |TAMS 0x0000000088400000, 0x0000000088400000| Untracked 
|  97|0x0000000088500000, 0x0000000088500000, 0x0000000088600000|  0%| F|  |TAMS 0x0000000088500000, 0x0000000088500000| Untracked 
|  98|0x0000000088600000, 0x0000000088600000, 0x0000000088700000|  0%| F|  |TAMS 0x0000000088600000, 0x0000000088600000| Untracked 
|  99|0x0000000088700000, 0x0000000088700000, 0x0000000088800000|  0%| F|  |TAMS 0x0000000088700000, 0x0000000088700000| Untracked 
| 100|0x0000000088800000, 0x0000000088800000, 0x0000000088900000|  0%| F|  |TAMS 0x0000000088800000, 0x0000000088800000| Untracked 
| 101|0x0000000088900000, 0x0000000088900000, 0x0000000088a00000|  0%| F|  |TAMS 0x0000000088900000, 0x0000000088900000| Untracked 
| 102|0x0000000088a00000, 0x0000000088a00000, 0x0000000088b00000|  0%| F|  |TAMS 0x0000000088a00000, 0x0000000088a00000| Untracked 
| 103|0x0000000088b00000, 0x0000000088b00000, 0x0000000088c00000|  0%| F|  |TAMS 0x0000000088b00000, 0x0000000088b00000| Untracked 
| 104|0x0000000088c00000, 0x0000000088c00000, 0x0000000088d00000|  0%| F|  |TAMS 0x0000000088c00000, 0x0000000088c00000| Untracked 
| 105|0x0000000088d00000, 0x0000000088d00000, 0x0000000088e00000|  0%| F|  |TAMS 0x0000000088d00000, 0x0000000088d00000| Untracked 
| 106|0x0000000088e00000, 0x0000000088e00000, 0x0000000088f00000|  0%| F|  |TAMS 0x0000000088e00000, 0x0000000088e00000| Untracked 
| 107|0x0000000088f00000, 0x0000000088f00000, 0x0000000089000000|  0%| F|  |TAMS 0x0000000088f00000, 0x0000000088f00000| Untracked 
| 108|0x0000000089000000, 0x0000000089000000, 0x0000000089100000|  0%| F|  |TAMS 0x0000000089000000, 0x0000000089000000| Untracked 
| 109|0x0000000089100000, 0x0000000089100000, 0x0000000089200000|  0%| F|  |TAMS 0x0000000089100000, 0x0000000089100000| Untracked 
| 110|0x0000000089200000, 0x0000000089200000, 0x0000000089300000|  0%| F|  |TAMS 0x0000000089200000, 0x0000000089200000| Untracked 
| 111|0x0000000089300000, 0x0000000089300000, 0x0000000089400000|  0%| F|  |TAMS 0x0000000089300000, 0x0000000089300000| Untracked 
| 112|0x0000000089400000, 0x0000000089400000, 0x0000000089500000|  0%| F|  |TAMS 0x0000000089400000, 0x0000000089400000| Untracked 
| 113|0x0000000089500000, 0x0000000089500000, 0x0000000089600000|  0%| F|  |TAMS 0x0000000089500000, 0x0000000089500000| Untracked 
| 114|0x0000000089600000, 0x0000000089600000, 0x0000000089700000|  0%| F|  |TAMS 0x0000000089600000, 0x0000000089600000| Untracked 
| 115|0x0000000089700000, 0x0000000089700000, 0x0000000089800000|  0%| F|  |TAMS 0x0000000089700000, 0x0000000089700000| Untracked 
| 116|0x0000000089800000, 0x0000000089800000, 0x0000000089900000|  0%| F|  |TAMS 0x0000000089800000, 0x0000000089800000| Untracked 
| 117|0x0000000089900000, 0x0000000089900000, 0x0000000089a00000|  0%| F|  |TAMS 0x0000000089900000, 0x0000000089900000| Untracked 
| 118|0x0000000089a00000, 0x0000000089a00000, 0x0000000089b00000|  0%| F|  |TAMS 0x0000000089a00000, 0x0000000089a00000| Untracked 
| 119|0x0000000089b00000, 0x0000000089b00000, 0x0000000089c00000|  0%| F|  |TAMS 0x0000000089b00000, 0x0000000089b00000| Untracked 
| 120|0x0000000089c00000, 0x0000000089c00000, 0x0000000089d00000|  0%| F|  |TAMS 0x0000000089c00000, 0x0000000089c00000| Untracked 
| 121|0x0000000089d00000, 0x0000000089d00000, 0x0000000089e00000|  0%| F|  |TAMS 0x0000000089d00000, 0x0000000089d00000| Untracked 
| 122|0x0000000089e00000, 0x0000000089e00000, 0x0000000089f00000|  0%| F|  |TAMS 0x0000000089e00000, 0x0000000089e00000| Untracked 
| 123|0x0000000089f00000, 0x0000000089f00000, 0x000000008a000000|  0%| F|  |TAMS 0x0000000089f00000, 0x0000000089f00000| Untracked 
| 124|0x000000008a000000, 0x000000008a080800, 0x000000008a100000| 50%| E|  |TAMS 0x000000008a000000, 0x000000008a000000| Complete 
| 125|0x000000008a100000, 0x000000008a200000, 0x000000008a200000|100%| E|CS|TAMS 0x000000008a100000, 0x000000008a100000| Complete 

Card table byte_map: [0x000001b8dc790000,0x000001b8dcb80000] _byte_map_base: 0x000001b8dc37e000

Marking Bits (Prev, Next): (CMBitMap*) 0x000001b8c49ca030, (CMBitMap*) 0x000001b8c49c9ff8
 Prev Bits: [0x000001b8deee0000, 0x000001b8e0e50000)
 Next Bits: [0x000001b8dcf70000, 0x000001b8deee0000)

Polling page: 0x000001b8c4160000

Metaspace:

Usage:
  Non-class:     26.12 MB capacity,    25.65 MB ( 98%) used,   383.80 KB (  1%) free+waste,    91.63 KB ( <1%) overhead. 
      Class:      3.60 MB capacity,     3.28 MB ( 91%) used,   287.43 KB (  8%) free+waste,    43.13 KB (  1%) overhead. 
       Both:     29.72 MB capacity,    28.93 MB ( 97%) used,   671.23 KB (  2%) free+waste,   134.75 KB ( <1%) overhead. 

Virtual space:
  Non-class space:       28.00 MB reserved,      26.25 MB ( 94%) committed 
      Class space:        1.00 GB reserved,       3.63 MB ( <1%) committed 
             Both:        1.03 GB reserved,      29.88 MB (  3%) committed 

Chunk freelists:
   Non-Class:  8.00 KB
       Class:  23.00 KB
        Both:  31.00 KB

MaxMetaspaceSize: 17179869184.00 GB
CompressedClassSpaceSize: 1.00 GB

CodeHeap 'non-profiled nmethods': size=120000Kb used=1699Kb max_used=1699Kb free=118301Kb
 bounds [0x000001b8d4b40000, 0x000001b8d4db0000, 0x000001b8dc070000]
CodeHeap 'profiled nmethods': size=120000Kb used=7262Kb max_used=7262Kb free=112737Kb
 bounds [0x000001b8cd610000, 0x000001b8cdd30000, 0x000001b8d4b40000]
CodeHeap 'non-nmethods': size=5760Kb used=1193Kb max_used=1259Kb free=4567Kb
 bounds [0x000001b8cd070000, 0x000001b8cd2e0000, 0x000001b8cd610000]
 total_blobs=3626 nmethods=3199 adapters=346
 compilation: enabled
              stopped_count=0, restarted_count=0
 full_count=0

Compilation events (20 events):
Event: 5.008 Thread 0x000001b8e423b000 nmethod 3081 0x000001b8cdccee10 code [0x000001b8cdccf080, 0x000001b8cdccfa18]
Event: 5.011 Thread 0x000001b8e423b000 3083       3       java.util.LinkedHashMap$LinkedValues::size (8 bytes)
Event: 5.011 Thread 0x000001b8e423b000 nmethod 3083 0x000001b8cdccfd10 code [0x000001b8cdccfec0, 0x000001b8cdccffd8]
Event: 5.012 Thread 0x000001b8e423b000 3084   !   3       org.springframework.util.ReflectionUtils::doWithMethods (193 bytes)
Event: 5.014 Thread 0x000001b8e423b000 nmethod 3084 0x000001b8cdcd0090 code [0x000001b8cdcd0420, 0x000001b8cdcd17a8]
Event: 5.017 Thread 0x000001b8e423b000 3085       1       org.springframework.context.annotation.ConfigurationClass::getBeanName (5 bytes)
Event: 5.017 Thread 0x000001b8e423b000 nmethod 3085 0x000001b8d4cd0490 code [0x000001b8d4cd0640, 0x000001b8d4cd06f8]
Event: 5.017 Thread 0x000001b8e4cb8000 nmethod 3077 0x000001b8d4cd0790 code [0x000001b8d4cd0960, 0x000001b8d4cd1298]
Event: 5.017 Thread 0x000001b8e4cb8000 3082       4       java.util.RegularEnumSet::add (9 bytes)
Event: 5.017 Thread 0x000001b8e423b000 3086       3       org.springframework.boot.context.properties.source.ConfigurationPropertyName::buildToString (138 bytes)
Event: 5.018 Thread 0x000001b8e423b000 nmethod 3086 0x000001b8cdcd2010 code [0x000001b8cdcd2340, 0x000001b8cdcd32b8]
Event: 5.018 Thread 0x000001b8e423b000 3087       1       org.springframework.boot.autoconfigure.SharedMetadataReaderFactoryContextInitializer$SharedMetadataReaderFactoryBean::getObjectType (3 bytes)
Event: 5.018 Thread 0x000001b8e423b000 nmethod 3087 0x000001b8d4cd1810 code [0x000001b8d4cd19c0, 0x000001b8d4cd1a78]
Event: 5.019 Thread 0x000001b8e4cb8000 nmethod 3082 0x000001b8d4cd1b10 code [0x000001b8d4cd1ca0, 0x000001b8d4cd1dd8]
Event: 5.021 Thread 0x000001b8e4cb8000 3088       4       java.util.HashSet::contains (9 bytes)
Event: 5.022 Thread 0x000001b8e423b000 3089       1       java.util.Spliterators$ArraySpliterator::characteristics (5 bytes)
Event: 5.022 Thread 0x000001b8e423b000 nmethod 3089 0x000001b8d4cd1f10 code [0x000001b8d4cd20c0, 0x000001b8d4cd2178]
Event: 5.022 Thread 0x000001b8e423b000 3090       3       org.springframework.boot.context.properties.source.ConfigurationPropertySources::getAttached (15 bytes)
Event: 5.023 Thread 0x000001b8e423b000 nmethod 3090 0x000001b8cdcd3990 code [0x000001b8cdcd3b60, 0x000001b8cdcd3d08]
Event: 5.024 Thread 0x000001b8e423b000 3091   !   3       org.springframework.beans.factory.support.AbstractBeanFactory::getMergedBeanDefinition (371 bytes)

GC Heap History (8 events):
Event: 2.386 GC heap before
{Heap before GC invocations=0 (full 0):
 garbage-first heap   total 129024K, used 24576K [0x0000000082400000, 0x0000000100000000)
  region size 1024K, 24 young (24576K), 0 survivors (0K)
 Metaspace       used 10870K, capacity 11092K, committed 11392K, reserved 1058816K
  class space    used 1030K, capacity 1102K, committed 1152K, reserved 1048576K
}
Event: 2.391 GC heap after
{Heap after GC invocations=1 (full 0):
 garbage-first heap   total 129024K, used 6296K [0x0000000082400000, 0x0000000100000000)
  region size 1024K, 3 young (3072K), 3 survivors (3072K)
 Metaspace       used 10870K, capacity 11092K, committed 11392K, reserved 1058816K
  class space    used 1030K, capacity 1102K, committed 1152K, reserved 1048576K
}
Event: 3.031 GC heap before
{Heap before GC invocations=1 (full 0):
 garbage-first heap   total 129024K, used 79000K [0x0000000082400000, 0x0000000100000000)
  region size 1024K, 75 young (76800K), 3 survivors (3072K)
 Metaspace       used 17321K, capacity 17778K, committed 17920K, reserved 1064960K
  class space    used 1842K, capacity 2002K, committed 2048K, reserved 1048576K
}
Event: 3.037 GC heap after
{Heap after GC invocations=2 (full 0):
 garbage-first heap   total 129024K, used 8026K [0x0000000082400000, 0x0000000100000000)
  region size 1024K, 5 young (5120K), 5 survivors (5120K)
 Metaspace       used 17321K, capacity 17778K, committed 17920K, reserved 1064960K
  class space    used 1842K, capacity 2002K, committed 2048K, reserved 1048576K
}
Event: 3.206 GC heap before
{Heap before GC invocations=2 (full 0):
 garbage-first heap   total 129024K, used 26458K [0x0000000082400000, 0x0000000100000000)
  region size 1024K, 25 young (25600K), 5 survivors (5120K)
 Metaspace       used 20678K, capacity 21209K, committed 21296K, reserved 1069056K
  class space    used 2221K, capacity 2425K, committed 2432K, reserved 1048576K
}
Event: 3.213 GC heap after
{Heap after GC invocations=3 (full 0):
 garbage-first heap   total 129024K, used 8547K [0x0000000082400000, 0x0000000100000000)
  region size 1024K, 6 young (6144K), 6 survivors (6144K)
 Metaspace       used 20678K, capacity 21209K, committed 21296K, reserved 1069056K
  class space    used 2221K, capacity 2425K, committed 2432K, reserved 1048576K
}
Event: 3.691 GC heap before
{Heap before GC invocations=4 (full 0):
 garbage-first heap   total 129024K, used 73059K [0x0000000082400000, 0x0000000100000000)
  region size 1024K, 70 young (71680K), 6 survivors (6144K)
 Metaspace       used 24856K, capacity 25564K, committed 25856K, reserved 1073152K
  class space    used 2774K, capacity 3025K, committed 3072K, reserved 1048576K
}
Event: 3.696 GC heap after
{Heap after GC invocations=5 (full 0):
 garbage-first heap   total 129024K, used 9998K [0x0000000082400000, 0x0000000100000000)
  region size 1024K, 4 young (4096K), 4 survivors (4096K)
 Metaspace       used 24856K, capacity 25564K, committed 25856K, reserved 1073152K
  class space    used 2774K, capacity 3025K, committed 3072K, reserved 1048576K
}

Deoptimization events (20 events):
Event: 5.024 Thread 0x000001b8e50d8000 DEOPT PACKING pc=0x000001b8cda0aa94 sp=0x00000086bf8fc7e0
Event: 5.024 Thread 0x000001b8e50d8000 DEOPT UNPACKING pc=0x000001b8cd0ab94e sp=0x00000086bf8fbd30 mode 1
Event: 5.024 Thread 0x000001b8e50d8000 DEOPT PACKING pc=0x000001b8cdb262a1 sp=0x00000086bf8fc6f0
Event: 5.024 Thread 0x000001b8e50d8000 DEOPT UNPACKING pc=0x000001b8cd0ab94e sp=0x00000086bf8fbbc8 mode 1
Event: 5.024 Thread 0x000001b8e50d8000 DEOPT PACKING pc=0x000001b8cda0c85c sp=0x00000086bf8fc780
Event: 5.024 Thread 0x000001b8e50d8000 DEOPT UNPACKING pc=0x000001b8cd0ab94e sp=0x00000086bf8fbc28 mode 1
Event: 5.024 Thread 0x000001b8e50d8000 DEOPT PACKING pc=0x000001b8cda0aa94 sp=0x00000086bf8fc7e0
Event: 5.024 Thread 0x000001b8e50d8000 DEOPT UNPACKING pc=0x000001b8cd0ab94e sp=0x00000086bf8fbd30 mode 1
Event: 5.024 Thread 0x000001b8e50d8000 DEOPT PACKING pc=0x000001b8cdb262a1 sp=0x00000086bf8fc6f0
Event: 5.024 Thread 0x000001b8e50d8000 DEOPT UNPACKING pc=0x000001b8cd0ab94e sp=0x00000086bf8fbbc8 mode 1
Event: 5.024 Thread 0x000001b8e50d8000 DEOPT PACKING pc=0x000001b8cda0c85c sp=0x00000086bf8fc780
Event: 5.024 Thread 0x000001b8e50d8000 DEOPT UNPACKING pc=0x000001b8cd0ab94e sp=0x00000086bf8fbc28 mode 1
Event: 5.024 Thread 0x000001b8e50d8000 DEOPT PACKING pc=0x000001b8cda0aa94 sp=0x00000086bf8fc7e0
Event: 5.024 Thread 0x000001b8e50d8000 DEOPT UNPACKING pc=0x000001b8cd0ab94e sp=0x00000086bf8fbd30 mode 1
Event: 5.025 Thread 0x000001b8e50d8000 DEOPT PACKING pc=0x000001b8cdb262a1 sp=0x00000086bf8fc6f0
Event: 5.025 Thread 0x000001b8e50d8000 DEOPT UNPACKING pc=0x000001b8cd0ab94e sp=0x00000086bf8fbbc8 mode 1
Event: 5.025 Thread 0x000001b8e50d8000 DEOPT PACKING pc=0x000001b8cda0c85c sp=0x00000086bf8fc780
Event: 5.025 Thread 0x000001b8e50d8000 DEOPT UNPACKING pc=0x000001b8cd0ab94e sp=0x00000086bf8fbc28 mode 1
Event: 5.025 Thread 0x000001b8e50d8000 DEOPT PACKING pc=0x000001b8cda0aa94 sp=0x00000086bf8fc7e0
Event: 5.025 Thread 0x000001b8e50d8000 DEOPT UNPACKING pc=0x000001b8cd0ab94e sp=0x00000086bf8fbd30 mode 1

Classes redefined (0 events):
No events

Internal exceptions (20 events):
Event: 3.450 Thread 0x000001b8e50d8000 Exception <a 'java/lang/ClassNotFoundException'{0x0000000089183c78}: org/springframework/beans/factory/support/BeanDefinitionRegistryPostProcessorCustomizer> (0x0000000089183c78) thrown at [./src/hotspot/share/classfile/systemDictionary.cpp, line 231]
Event: 3.451 Thread 0x000001b8e50d8000 Exception <a 'java/lang/ClassNotFoundException'{0x0000000089194e70}: org/springframework/beans/factory/config/BeanFactoryPostProcessorCustomizer> (0x0000000089194e70) thrown at [./src/hotspot/share/classfile/systemDictionary.cpp, line 231]
Event: 3.453 Thread 0x000001b8e50d8000 Exception <a 'java/lang/ClassNotFoundException'{0x00000000891a33f8}: org/springframework/core/PriorityOrderedCustomizer> (0x00000000891a33f8) thrown at [./src/hotspot/share/classfile/systemDictionary.cpp, line 231]
Event: 3.454 Thread 0x000001b8e50d8000 Exception <a 'java/lang/ClassNotFoundException'{0x0000000089003c60}: org/springframework/core/OrderedCustomizer> (0x0000000089003c60) thrown at [./src/hotspot/share/classfile/systemDictionary.cpp, line 231]
Event: 3.454 Thread 0x000001b8e52f0000 Exception <a 'java/lang/NoSuchMethodError'{0x00000000891f5838}: 'long java.lang.invoke.DirectMethodHandle$Holder.invokeSpecial(java.lang.Object, java.lang.Object)'> (0x00000000891f5838) thrown at [./src/hotspot/share/interpreter/linkResolver.cpp, line 773]
Event: 3.455 Thread 0x000001b8e50d8000 Exception <a 'java/lang/ClassNotFoundException'{0x0000000089012980}: org/springframework/context/ResourceLoaderAwareCustomizer> (0x0000000089012980) thrown at [./src/hotspot/share/classfile/systemDictionary.cpp, line 231]
Event: 3.457 Thread 0x000001b8e50d8000 Exception <a 'java/lang/ClassNotFoundException'{0x0000000089020b18}: org/springframework/beans/factory/AwareCustomizer> (0x0000000089020b18) thrown at [./src/hotspot/share/classfile/systemDictionary.cpp, line 231]
Event: 3.457 Thread 0x000001b8e52f0000 Exception <a 'java/lang/NoSuchMethodError'{0x00000000891ffd98}: 'long java.lang.invoke.DirectMethodHandle$Holder.invokeStatic(java.lang.Object, java.lang.Object)'> (0x00000000891ffd98) thrown at [./src/hotspot/share/interpreter/linkResolver.cpp, line 773]
Event: 3.458 Thread 0x000001b8e52f0000 Exception <a 'java/lang/NoSuchMethodError'{0x0000000089077550}: 'long java.lang.invoke.DirectMethodHandle$Holder.invokeStaticInit(java.lang.Object, java.lang.Object)'> (0x0000000089077550) thrown at [./src/hotspot/share/interpreter/linkResolver.cpp, line 773]
Event: 3.458 Thread 0x000001b8e50d8000 Exception <a 'java/lang/ClassNotFoundException'{0x000000008902f358}: org/springframework/context/ApplicationStartupAwareCustomizer> (0x000000008902f358) thrown at [./src/hotspot/share/classfile/systemDictionary.cpp, line 231]
Event: 3.460 Thread 0x000001b8e50d8000 Exception <a 'java/lang/ClassNotFoundException'{0x000000008903d768}: org/springframework/beans/factory/AwareCustomizer> (0x000000008903d768) thrown at [./src/hotspot/share/classfile/systemDictionary.cpp, line 231]
Event: 3.461 Thread 0x000001b8e52f0000 Exception <a 'java/lang/NoSuchMethodError'{0x0000000089083a10}: 'long java.lang.invoke.DirectMethodHandle$Holder.invokeInterface(java.lang.Object, java.lang.Object)'> (0x0000000089083a10) thrown at [./src/hotspot/share/interpreter/linkResolver.cpp, line 773]
Event: 3.461 Thread 0x000001b8e52f0000 Exception <a 'java/lang/IncompatibleClassChangeError'{0x00000000890867a8}: Found class java.lang.Object, but interface was expected> (0x00000000890867a8) thrown at [./src/hotspot/share/interpreter/linkResolver.cpp, line 839]
Event: 3.462 Thread 0x000001b8e50d8000 Exception <a 'java/lang/ClassNotFoundException'{0x000000008904c230}: org/springframework/beans/factory/BeanClassLoaderAwareCustomizer> (0x000000008904c230) thrown at [./src/hotspot/share/classfile/systemDictionary.cpp, line 231]
Event: 3.464 Thread 0x000001b8e50d8000 Exception <a 'java/lang/ClassNotFoundException'{0x000000008905a3e0}: org/springframework/beans/factory/AwareCustomizer> (0x000000008905a3e0) thrown at [./src/hotspot/share/classfile/systemDictionary.cpp, line 231]
Event: 3.465 Thread 0x000001b8e50d8000 Exception <a 'java/lang/ClassNotFoundException'{0x0000000089067f78}: org/springframework/context/EnvironmentAwareCustomizer> (0x0000000089067f78) thrown at [./src/hotspot/share/classfile/systemDictionary.cpp, line 231]
Event: 3.467 Thread 0x000001b8e50d8000 Exception <a 'java/lang/ClassNotFoundException'{0x00000000890ade08}: org/springframework/beans/factory/AwareCustomizer> (0x00000000890ade08) thrown at [./src/hotspot/share/classfile/systemDictionary.cpp, line 231]
Event: 3.478 Thread 0x000001b8e52f0000 Exception <a 'java/lang/NoSuchMethodError'{0x0000000088e0dae0}: 'java.lang.Object java.lang.invoke.DirectMethodHandle$Holder.invokeVirtual(java.lang.Object, java.lang.Object, java.lang.Object, java.lang.Object)'> (0x0000000088e0dae0) thrown at [./src/hotspot/share/interpreter/linkResolver.cpp, line 773]
Event: 3.755 Thread 0x000001b8e50d8000 Exception <a 'java/lang/IncompatibleClassChangeError'{0x0000000089b33018}: Found class java.lang.Object, but interface was expected> (0x0000000089b33018) thrown at [./src/hotspot/share/interpreter/linkResolver.cpp, line 839]
Event: 3.842 Thread 0x000001b8e50d8000 Exception <a 'java/lang/NoSuchMethodError'{0x0000000089703ac0}: 'void java.lang.invoke.DirectMethodHandle$Holder.invokeInterface(java.lang.Object, java.lang.Object, java.lang.Object, java.lang.Object)'> (0x0000000089703ac0) thrown at [./src/hotspot/share/interpreter/linkResolver.cpp, line 773]

Events (20 events):
Event: 5.020 loading class org/springframework/aop/framework/autoproxy/AbstractAutoProxyCreator
Event: 5.020 loading class org/springframework/aop/framework/autoproxy/AbstractAutoProxyCreator done
Event: 5.020 loading class org/springframework/aop/aspectj/autoproxy/AspectJAwareAdvisorAutoProxyCreator
Event: 5.020 loading class org/springframework/aop/aspectj/autoproxy/AspectJAwareAdvisorAutoProxyCreator done
Event: 5.020 loading class org/springframework/aop/aspectj/annotation/AnnotationAwareAspectJAutoProxyCreator
Event: 5.020 loading class org/springframework/aop/aspectj/annotation/AnnotationAwareAspectJAutoProxyCreator done
Event: 5.021 loading class org/springframework/boot/autoconfigure/context/LifecycleProperties
Event: 5.021 loading class org/springframework/boot/autoconfigure/context/LifecycleProperties done
Event: 5.023 loading class org/springframework/boot/autoconfigure/aop/AopAutoConfiguration$AspectJAutoProxyingConfiguration$CglibAutoProxyConfiguration
Event: 5.023 loading class org/springframework/boot/autoconfigure/aop/AopAutoConfiguration$AspectJAutoProxyingConfiguration$CglibAutoProxyConfiguration done
Event: 5.024 loading class org/springframework/boot/autoconfigure/aop/AopAutoConfiguration$AspectJAutoProxyingConfiguration
Event: 5.024 loading class org/springframework/boot/autoconfigure/aop/AopAutoConfiguration$AspectJAutoProxyingConfiguration done
Event: 5.024 loading class org/springframework/boot/autoconfigure/aop/AopAutoConfiguration
Event: 5.024 loading class org/springframework/boot/autoconfigure/aop/AopAutoConfiguration done
Event: 5.025 loading class org/springframework/boot/autoconfigure/context/ConfigurationPropertiesAutoConfiguration
Event: 5.025 loading class org/springframework/boot/autoconfigure/context/ConfigurationPropertiesAutoConfiguration done
Event: 5.025 loading class org/springframework/boot/autoconfigure/context/LifecycleAutoConfiguration
Event: 5.025 loading class org/springframework/boot/autoconfigure/context/LifecycleAutoConfiguration done
Event: 5.026 loading class org/springframework/context/support/DefaultLifecycleProcessor
Event: 5.026 loading class org/springframework/context/support/DefaultLifecycleProcessor done


Dynamic libraries:
0x00007ff6127c0000 - 0x00007ff6127cd000 	C:\Program Files\AdoptOpenJDK\jdk-11.0.9.101-hotspot\bin\java.exe
0x00007ffcf26b0000 - 0x00007ffcf28a5000 	C:\WINDOWS\SYSTEM32\ntdll.dll
0x00007ffcf1160000 - 0x00007ffcf121d000 	C:\WINDOWS\System32\KERNEL32.DLL
0x00007ffcf00b0000 - 0x00007ffcf0379000 	C:\WINDOWS\System32\KERNELBASE.dll
0x00007ffcf0620000 - 0x00007ffcf0720000 	C:\WINDOWS\System32\ucrtbase.dll
0x00007ffce8540000 - 0x00007ffce8555000 	C:\Program Files\AdoptOpenJDK\jdk-11.0.9.101-hotspot\bin\VCRUNTIME140.dll
0x00007ffcddf80000 - 0x00007ffcddf97000 	C:\Program Files\AdoptOpenJDK\jdk-11.0.9.101-hotspot\bin\jli.dll
0x00007ffcf2040000 - 0x00007ffcf21e0000 	C:\WINDOWS\System32\USER32.dll
0x00007ffcf04e0000 - 0x00007ffcf0502000 	C:\WINDOWS\System32\win32u.dll
0x00007ffce7a30000 - 0x00007ffce7cca000 	C:\WINDOWS\WinSxS\amd64_microsoft.windows.common-controls_6595b64144ccf1df_6.0.19041.1110_none_60b5254171f9507e\COMCTL32.dll
0x00007ffcf23e0000 - 0x00007ffcf240a000 	C:\WINDOWS\System32\GDI32.dll
0x00007ffcf0510000 - 0x00007ffcf061b000 	C:\WINDOWS\System32\gdi32full.dll
0x00007ffcf1360000 - 0x00007ffcf13fe000 	C:\WINDOWS\System32\msvcrt.dll
0x00007ffcefe40000 - 0x00007ffcefedd000 	C:\WINDOWS\System32\msvcp_win.dll
0x00007ffcf18d0000 - 0x00007ffcf1900000 	C:\WINDOWS\System32\IMM32.DLL
0x00007ffcc2160000 - 0x00007ffcc21fb000 	C:\Program Files\AdoptOpenJDK\jdk-11.0.9.101-hotspot\bin\msvcp140.dll
0x00007ffcaffa0000 - 0x00007ffcb0ae3000 	C:\Program Files\AdoptOpenJDK\jdk-11.0.9.101-hotspot\bin\server\jvm.dll
0x00007ffcf1220000 - 0x00007ffcf12cc000 	C:\WINDOWS\System32\ADVAPI32.dll
0x00007ffcf0e90000 - 0x00007ffcf0f2b000 	C:\WINDOWS\System32\sechost.dll
0x00007ffcf2420000 - 0x00007ffcf254a000 	C:\WINDOWS\System32\RPCRT4.dll
0x00007ffcf2600000 - 0x00007ffcf2608000 	C:\WINDOWS\System32\PSAPI.DLL
0x00007ffcd9a80000 - 0x00007ffcd9aa7000 	C:\WINDOWS\SYSTEM32\WINMM.dll
0x00007ffce7850000 - 0x00007ffce7859000 	C:\WINDOWS\SYSTEM32\WSOCK32.dll
0x00007ffce99d0000 - 0x00007ffce99da000 	C:\WINDOWS\SYSTEM32\VERSION.dll
0x00007ffcf12f0000 - 0x00007ffcf135b000 	C:\WINDOWS\System32\WS2_32.dll
0x00007ffcedc40000 - 0x00007ffcedc52000 	C:\WINDOWS\SYSTEM32\kernel.appcore.dll
0x00007ffcea470000 - 0x00007ffcea480000 	C:\Program Files\AdoptOpenJDK\jdk-11.0.9.101-hotspot\bin\verify.dll
0x00007ffcde8f0000 - 0x00007ffcdead4000 	C:\WINDOWS\SYSTEM32\DBGHELP.DLL
0x00007ffcda2d0000 - 0x00007ffcda2fc000 	C:\WINDOWS\SYSTEM32\dbgcore.DLL
0x00007ffcefee0000 - 0x00007ffceff63000 	C:\WINDOWS\System32\bcryptPrimitives.dll
0x00007ffcddf50000 - 0x00007ffcddf78000 	C:\Program Files\AdoptOpenJDK\jdk-11.0.9.101-hotspot\bin\java.dll
0x00007ffcde670000 - 0x00007ffcde67a000 	C:\Program Files\AdoptOpenJDK\jdk-11.0.9.101-hotspot\bin\jimage.dll
0x00007ffcde000000 - 0x00007ffcde038000 	C:\Program Files\AdoptOpenJDK\jdk-11.0.9.101-hotspot\bin\jdwp.dll
0x00007ffcddf40000 - 0x00007ffcddf4e000 	C:\Program Files\AdoptOpenJDK\jdk-11.0.9.101-hotspot\bin\instrument.dll
0x00007ffcd3ae0000 - 0x00007ffcd3af7000 	C:\Program Files\AdoptOpenJDK\jdk-11.0.9.101-hotspot\bin\zip.dll
0x00007ffcf1900000 - 0x00007ffcf203f000 	C:\WINDOWS\System32\SHELL32.dll
0x00007ffcedf20000 - 0x00007ffcee6b1000 	C:\WINDOWS\SYSTEM32\windows.storage.dll
0x00007ffcf0720000 - 0x00007ffcf0a75000 	C:\WINDOWS\System32\combase.dll
0x00007ffcef790000 - 0x00007ffcef7bc000 	C:\WINDOWS\SYSTEM32\Wldp.dll
0x00007ffcf0f90000 - 0x00007ffcf103e000 	C:\WINDOWS\System32\SHCORE.dll
0x00007ffcf2610000 - 0x00007ffcf2665000 	C:\WINDOWS\System32\shlwapi.dll
0x00007ffcefd30000 - 0x00007ffcefd4f000 	C:\WINDOWS\SYSTEM32\profapi.dll
0x00007ffcea690000 - 0x00007ffcea69a000 	C:\Program Files\AdoptOpenJDK\jdk-11.0.9.101-hotspot\bin\dt_socket.dll
0x00007ffcef4f0000 - 0x00007ffcef55a000 	C:\WINDOWS\system32\mswsock.dll
0x00007ffcd3a90000 - 0x00007ffcd3aa9000 	C:\Program Files\AdoptOpenJDK\jdk-11.0.9.101-hotspot\bin\net.dll
0x00007ffce6ce0000 - 0x00007ffce6dea000 	C:\WINDOWS\SYSTEM32\WINHTTP.dll
0x00007ffcd2ca0000 - 0x00007ffcd2cb2000 	C:\Program Files\AdoptOpenJDK\jdk-11.0.9.101-hotspot\bin\nio.dll
0x00007ffcddef0000 - 0x00007ffcddef9000 	C:\Program Files\AdoptOpenJDK\jdk-11.0.9.101-hotspot\bin\management.dll
0x00007ffcdde90000 - 0x00007ffcdde9b000 	C:\Program Files\AdoptOpenJDK\jdk-11.0.9.101-hotspot\bin\management_ext.dll
0x00007ffce9b70000 - 0x00007ffce9b87000 	C:\WINDOWS\system32\napinsp.dll
0x00007ffce84a0000 - 0x00007ffce84bb000 	C:\WINDOWS\system32\pnrpnsp.dll
0x00007ffce9b10000 - 0x00007ffce9b25000 	C:\WINDOWS\system32\wshbth.dll
0x00007ffcebac0000 - 0x00007ffcebadd000 	C:\WINDOWS\system32\NLAapi.dll
0x00007ffcef1e0000 - 0x00007ffcef21b000 	C:\WINDOWS\SYSTEM32\IPHLPAPI.DLL
0x00007ffcef220000 - 0x00007ffcef2ec000 	C:\WINDOWS\SYSTEM32\DNSAPI.dll
0x00007ffcf0a80000 - 0x00007ffcf0a88000 	C:\WINDOWS\System32\NSI.dll
0x00007ffce8240000 - 0x00007ffce8252000 	C:\WINDOWS\System32\winrnr.dll
0x00007ffce7cd0000 - 0x00007ffce7cda000 	C:\Windows\System32\rasadhlp.dll
0x00007ffce57f0000 - 0x00007ffce586f000 	C:\WINDOWS\System32\fwpuclnt.dll
0x00007ffcf0020000 - 0x00007ffcf0047000 	C:\WINDOWS\System32\bcrypt.dll

dbghelp: loaded successfully - version: 4.0.5 - missing functions: none
symbol engine: initialized successfully - sym options: 0x614 - pdb path: .;C:\Program Files\AdoptOpenJDK\jdk-11.0.9.101-hotspot\bin;C:\WINDOWS\SYSTEM32;C:\WINDOWS\WinSxS\amd64_microsoft.windows.common-controls_6595b64144ccf1df_6.0.19041.1110_none_60b5254171f9507e;C:\Program Files\AdoptOpenJDK\jdk-11.0.9.101-hotspot\bin\server

VM Arguments:
jvm_args: -agentlib:jdwp=transport=dt_socket,address=127.0.0.1:50966,suspend=y,server=n -javaagent:C:\Users\Laura\AppData\Local\JetBrains\IdeaIC2021.1\captureAgent\debugger-agent.jar -Dfile.encoding=UTF-8 
java_command: one.digitalinnovation.personapi.PersonapiApplication
java_class_path (initial): C:\Users\Laura\Desktop\Gabi\Unip\BOOTCAMP'S\BOOTCAMP_DIO\BOOTCAMP 2021\Projeto_JAVA\personapi\target\classes;C:\Users\Laura\.m2\repository\org\springframework\boot\spring-boot-starter-actuator\2.5.2\spring-boot-starter-actuator-2.5.2.jar;C:\Users\Laura\.m2\repository\org\springframework\boot\spring-boot-starter\2.5.2\spring-boot-starter-2.5.2.jar;C:\Users\Laura\.m2\repository\org\springframework\boot\spring-boot-starter-logging\2.5.2\spring-boot-starter-logging-2.5.2.jar;C:\Users\Laura\.m2\repository\ch\qos\logback\logback-classic\1.2.3\logback-classic-1.2.3.jar;C:\Users\Laura\.m2\repository\ch\qos\logback\logback-core\1.2.3\logback-core-1.2.3.jar;C:\Users\Laura\.m2\repository\org\apache\logging\log4j\log4j-to-slf4j\2.14.1\log4j-to-slf4j-2.14.1.jar;C:\Users\Laura\.m2\repository\org\apache\logging\log4j\log4j-api\2.14.1\log4j-api-2.14.1.jar;C:\Users\Laura\.m2\repository\org\slf4j\jul-to-slf4j\1.7.31\jul-to-slf4j-1.7.31.jar;C:\Users\Laura\.m2\repository\jakarta\annotation\jakarta.annotation-api\1.3.5\jakarta.annotation-api-1.3.5.jar;C:\Users\Laura\.m2\repository\org\yaml\snakeyaml\1.28\snakeyaml-1.28.jar;C:\Users\Laura\.m2\repository\org\springframework\boot\spring-boot-actuator-autoconfigure\2.5.2\spring-boot-actuator-autoconfigure-2.5.2.jar;C:\Users\Laura\.m2\repository\org\springframework\boot\spring-boot-actuator\2.5.2\spring-boot-actuator-2.5.2.jar;C:\Users\Laura\.m2\repository\com\fasterxml\jackson\core\jackson-databind\2.12.3\jackson-databind-2.12.3.jar;C:\Users\Laura\.m2\repository\com\fasterxml\jackson\core\jackson-annotations\2.12.3\jackson-annotations-2.12.3.jar;C:\Users\Laura\.m2\repository\com\fasterxml\jackson\core\jackson-core\2.12.3\jackson-core-2.12.3.jar;C:\Users\Laura\.m2\repository\com\fasterxml\jackson\datatype\jackson-datatype-jsr310\2.12.3\jackson-datatype-jsr310-2.12.3.jar;C:\Users\Laura\.m2\repository\io\micrometer\micrometer-core\1.7.1\micrometer-core-1.7.1.jar;C:\Users\Laura\.m2\repository\org\hdrhistogram\HdrHis
Launcher Type: SUN_STANDARD

[Global flags]
     intx CICompilerCount                          = 4                                         {product} {ergonomic}
     uint ConcGCThreads                            = 2                                         {product} {ergonomic}
     uint G1ConcRefinementThreads                  = 8                                         {product} {ergonomic}
   size_t G1HeapRegionSize                         = 1048576                                   {product} {ergonomic}
    uintx GCDrainStackTargetSize                   = 64                                        {product} {ergonomic}
   size_t InitialHeapSize                          = 132120576                                 {product} {ergonomic}
   size_t MarkStackSize                            = 4194304                                   {product} {ergonomic}
   size_t MaxHeapSize                              = 2109734912                                {product} {ergonomic}
   size_t MaxNewSize                               = 1265631232                                {product} {ergonomic}
   size_t MinHeapDeltaBytes                        = 1048576                                   {product} {ergonomic}
    uintx NonNMethodCodeHeapSize                   = 5836300                                {pd product} {ergonomic}
    uintx NonProfiledCodeHeapSize                  = 122910970                              {pd product} {ergonomic}
    uintx ProfiledCodeHeapSize                     = 122910970                              {pd product} {ergonomic}
    uintx ReservedCodeCacheSize                    = 251658240                              {pd product} {ergonomic}
     bool SegmentedCodeCache                       = true                                      {product} {ergonomic}
     bool UseCompressedClassPointers               = true                                 {lp64_product} {ergonomic}
     bool UseCompressedOops                        = true                                 {lp64_product} {ergonomic}
     bool UseG1GC                                  = true                                      {product} {ergonomic}
     bool UseLargePagesIndividualAllocation        = false                                  {pd product} {ergonomic}

Logging:
Log output configuration:
 #0: stdout all=warning uptime,level,tags
 #1: stderr all=off uptime,level,tags

Environment Variables:
PATH=C:\Program Files\AdoptOpenJDK\jdk-11.0.9.101-hotspot\bin;C:\Program Files (x86)\Common Files\Oracle\Java\javapath;C:\Windows\system32;C:\Windows;C:\Windows\System32\Wbem;C:\Windows\System32\WindowsPowerShell\v1.0\;C:\Windows\System32\OpenSSH\;C:\Program Files (x86)\NVIDIA Corporation\PhysX\Common;C:\Program Files\NVIDIA Corporation\NVIDIA NvDLISR;C:\WINDOWS\system32;C:\WINDOWS;C:\WINDOWS\System32\Wbem;C:\WINDOWS\System32\WindowsPowerShell\v1.0\;C:\WINDOWS\System32\OpenSSH\;C:\ProgramData\UNIVALI\Portugol Studio;C:\Program Files\Git\cmd;C:\Users\Laura\AppData\Local\Microsoft\WindowsApps;C:\Program Files\JetBrains\IntelliJ IDEA 2021.1.3\bin;;C:\Program Files (x86)\GnuWin32\bin;;C:\Program Files\JetBrains\IntelliJ IDEA Community Edition 2021.1.3\bin;
USERNAME=Laura
OS=Windows_NT
PROCESSOR_IDENTIFIER=Intel64 Family 6 Model 142 Stepping 11, GenuineIntel



---------------  S Y S T E M  ---------------

OS: Windows 10 , 64 bit Build 19041 (10.0.19041.1023)
OS uptime: 3 days 8:12 hours

CPU:total 8 (initial active 8) (4 cores per cpu, 2 threads per core) family 6 model 142 stepping 11, cmov, cx8, fxsr, mmx, sse, sse2, sse3, ssse3, sse4.1, sse4.2, popcnt, avx, avx2, aes, clmul, erms, 3dnowpref, lzcnt, ht, tsc, tscinvbit, bmi1, bmi2, adx, fma

Memory: 4k page, system-wide physical 8040M (490M free)
TotalPageFile size 8040M (AvailPageFile size 5M)
current process WorkingSet (physical memory assigned to process): 208M, peak: 211M
current process commit charge ("private bytes"): 291M, peak: 293M

vm_info: OpenJDK 64-Bit Server VM (11.0.9.1+1) for windows-amd64 JRE (11.0.9.1+1), built on Nov 10 2020 15:18:49 by "" with MS VC++ 15.9 (VS2017)

END.
