#
# There is insufficient memory for the Java Runtime Environment to continue.
# Native memory allocation (malloc) failed to allocate 1225136 bytes for Chunk::new
# Possible reasons:
#   The system is out of physical RAM or swap space
#   The process is running with CompressedOops enabled, and the Java Heap may be blocking the growth of the native heap
# Possible solutions:
#   Reduce memory load on the system
#   Increase physical memory or swap space
#   Check if swap backing store is full
#   Decrease Java heap size (-Xmx/-Xms)
#   Decrease number of Java threads
#   Decrease Java thread stack sizes (-Xss)
#   Set larger code cache with -XX:ReservedCodeCacheSize=
#   JVM is running with Unscaled Compressed Oops mode in which the Java heap is
#     placed in the first 4GB address space. The Java Heap base address is the
#     maximum limit for the native heap growth. Please use -XX:HeapBaseMinAddress
#     to set the Java Heap base and to place the Java Heap above 4GB virtual address.
# This output file may be truncated or incomplete.
#
#  Out of Memory Error (./src/hotspot/share/memory/arena.cpp:197), pid=8112, tid=8180
#
# JRE version: OpenJDK Runtime Environment AdoptOpenJDK (11.0.9.1+1) (build 11.0.9.1+1)
# Java VM: OpenJDK 64-Bit Server VM AdoptOpenJDK (11.0.9.1+1, mixed mode, tiered, compressed oops, g1 gc, windows-amd64)
# No core dump will be written. Minidumps are not enabled by default on client versions of Windows
#

---------------  S U M M A R Y ------------

Command Line: -javaagent:C:\Program Files\JetBrains\IntelliJ IDEA Community Edition 2021.1.3\lib\idea_rt.jar=58929:C:\Program Files\JetBrains\IntelliJ IDEA Community Edition 2021.1.3\bin -Dfile.encoding=UTF-8 one.digitalinnovation.personapi.PersonapiApplication

Host: Intel(R) Core(TM) i5-8265U CPU @ 1.60GHz, 8 cores, 7G,  Windows 10 , 64 bit Build 19041 (10.0.19041.1023)
Time: Tue Jul 20 23:33:23 2021 Hora oficial do Brasil elapsed time: 7.479102 seconds (0d 0h 0m 7s)

---------------  T H R E A D  ---------------

Current thread (0x000002803005d800):  JavaThread "C2 CompilerThread1" daemon [_thread_in_native, id=8180, stack(0x000000a89e100000,0x000000a89e200000)]


Current CompileTask:
C2:   7479 4029   !   4       jdk.internal.loader.BuiltinClassLoader::loadClassOrNull (143 bytes)

Stack: [0x000000a89e100000,0x000000a89e200000]
Native frames: (J=compiled Java code, j=interpreted, Vv=VM code, C=native code)
V  [jvm.dll+0x5f465a]
V  [jvm.dll+0x77c78e]
V  [jvm.dll+0x77de5f]
V  [jvm.dll+0x77e523]
V  [jvm.dll+0x2477c8]
V  [jvm.dll+0xbe2ec]
V  [jvm.dll+0xbe9ec]
V  [jvm.dll+0x2b69b4]
V  [jvm.dll+0x508bb9]
V  [jvm.dll+0x20929d]
V  [jvm.dll+0x20319a]
V  [jvm.dll+0x20011f]
V  [jvm.dll+0x184fbc]
V  [jvm.dll+0x20f7f7]
V  [jvm.dll+0x20d9db]
V  [jvm.dll+0x741029]
V  [jvm.dll+0x73a0d4]
V  [jvm.dll+0x5f3586]
C  [ucrtbase.dll+0x21bb2]
C  [KERNEL32.DLL+0x17034]
C  [ntdll.dll+0x52651]


---------------  P R O C E S S  ---------------

Threads class SMR info:
_java_thread_list=0x0000028032e22080, length=19, elements={
0x000002800cbf5000, 0x000002802da91000, 0x000002802da9d000, 0x000002802daaa800,
0x000002802daac000, 0x000002802daae800, 0x000002802dab2800, 0x000002802e426000,
0x000002802e581800, 0x000002802e9f3800, 0x000002802e9f4000, 0x000002802f2c0800,
0x000002802ed0e800, 0x000002803005d800, 0x0000028031ce9800, 0x00000280331f2000,
0x000002802ffe9000, 0x00000280336ad800, 0x0000028031f39800
}

Java Threads: ( => current thread )
  0x000002800cbf5000 JavaThread "main" [_thread_blocked, id=6756, stack(0x000000a89cf00000,0x000000a89d000000)]
  0x000002802da91000 JavaThread "Reference Handler" daemon [_thread_blocked, id=6648, stack(0x000000a89d600000,0x000000a89d700000)]
  0x000002802da9d000 JavaThread "Finalizer" daemon [_thread_blocked, id=9612, stack(0x000000a89d700000,0x000000a89d800000)]
  0x000002802daaa800 JavaThread "Signal Dispatcher" daemon [_thread_blocked, id=7692, stack(0x000000a89d800000,0x000000a89d900000)]
  0x000002802daac000 JavaThread "Attach Listener" daemon [_thread_blocked, id=4740, stack(0x000000a89d900000,0x000000a89da00000)]
  0x000002802daae800 JavaThread "C2 CompilerThread0" daemon [_thread_in_native, id=8012, stack(0x000000a89da00000,0x000000a89db00000)]
  0x000002802dab2800 JavaThread "C1 CompilerThread0" daemon [_thread_blocked, id=8056, stack(0x000000a89db00000,0x000000a89dc00000)]
  0x000002802e426000 JavaThread "Sweeper thread" daemon [_thread_blocked, id=10164, stack(0x000000a89dc00000,0x000000a89dd00000)]
  0x000002802e581800 JavaThread "Common-Cleaner" daemon [_thread_blocked, id=3780, stack(0x000000a89dd00000,0x000000a89de00000)]
  0x000002802e9f3800 JavaThread "Monitor Ctrl-Break" daemon [_thread_in_native, id=4196, stack(0x000000a89de00000,0x000000a89df00000)]
  0x000002802e9f4000 JavaThread "Service Thread" daemon [_thread_blocked, id=7808, stack(0x000000a89df00000,0x000000a89e000000)]
  0x000002802f2c0800 JavaThread "Thread-0" [_thread_blocked, id=9656, stack(0x000000a89e400000,0x000000a89e500000)]
  0x000002802ed0e800 JavaThread "restartedMain" [_thread_in_vm, id=9640, stack(0x000000a89e500000,0x000000a89e600000)]
=>0x000002803005d800 JavaThread "C2 CompilerThread1" daemon [_thread_in_native, id=8180, stack(0x000000a89e100000,0x000000a89e200000)]
  0x0000028031ce9800 JavaThread "HikariPool-1 housekeeper" daemon [_thread_blocked, id=12008, stack(0x000000a89e600000,0x000000a89e700000)]
  0x00000280331f2000 JavaThread "HikariPool-1 connection adder" daemon [_thread_blocked, id=8076, stack(0x000000a89ed00000,0x000000a89ee00000)]
  0x000002802ffe9000 JavaThread "Catalina-utility-1" [_thread_blocked, id=8184, stack(0x000000a89ee00000,0x000000a89ef00000)]
  0x00000280336ad800 JavaThread "Catalina-utility-2" [_thread_blocked, id=3232, stack(0x000000a89ef00000,0x000000a89f000000)]
  0x0000028031f39800 JavaThread "container-0" [_thread_blocked, id=8488, stack(0x000000a89f000000,0x000000a89f100000)]

Other Threads:
  0x000002802da8e800 VMThread "VM Thread" [stack: 0x000000a89d500000,0x000000a89d600000] [id=12208]
  0x000002802e754800 WatcherThread [stack: 0x000000a89e000000,0x000000a89e100000] [id=4900]
  0x000002800cc0e800 GCTaskThread "GC Thread#0" [stack: 0x000000a89d000000,0x000000a89d100000] [id=3440]
  0x000002802edcc000 GCTaskThread "GC Thread#1" [stack: 0x000000a89e200000,0x000000a89e300000] [id=3048]
  0x000002802f1e5800 GCTaskThread "GC Thread#2" [stack: 0x000000a89e300000,0x000000a89e400000] [id=11336]
  0x000002802fb00800 GCTaskThread "GC Thread#3" [stack: 0x000000a89e700000,0x000000a89e800000] [id=8276]
  0x000002802f479000 GCTaskThread "GC Thread#4" [stack: 0x000000a89e800000,0x000000a89e900000] [id=10656]
  0x000002802f711800 GCTaskThread "GC Thread#5" [stack: 0x000000a89e900000,0x000000a89ea00000] [id=9860]
  0x000002802f5d8800 GCTaskThread "GC Thread#6" [stack: 0x000000a89ea00000,0x000000a89eb00000] [id=2656]
  0x000002802f53a000 GCTaskThread "GC Thread#7" [stack: 0x000000a89eb00000,0x000000a89ec00000] [id=13160]
  0x000002800cc3f000 ConcurrentGCThread "G1 Main Marker" [stack: 0x000000a89d100000,0x000000a89d200000] [id=11368]
  0x000002800cc40800 ConcurrentGCThread "G1 Conc#0" [stack: 0x000000a89d200000,0x000000a89d300000] [id=1828]
  0x000002802f61b800 ConcurrentGCThread "G1 Conc#1" [stack: 0x000000a89ec00000,0x000000a89ed00000] [id=7112]
  0x000002800cccd800 ConcurrentGCThread "G1 Refine#0" [stack: 0x000000a89d300000,0x000000a89d400000] [id=3140]
  0x000002802d8d2800 ConcurrentGCThread "G1 Young RemSet Sampling" [stack: 0x000000a89d400000,0x000000a89d500000] [id=8712]

Threads with active compile tasks:
C2 CompilerThread0   7685 3840       4       java.lang.invoke.MethodType::makeImpl (108 bytes)
C2 CompilerThread1   7685 4029   !   4       jdk.internal.loader.BuiltinClassLoader::loadClassOrNull (143 bytes)

VM state:not at safepoint (normal execution)

VM Mutex/Monitor currently owned by a thread: None

Heap address: 0x0000000082400000, size: 2012 MB, Compressed Oops mode: 32-bit
Narrow klass base: 0x0000000000000000, Narrow klass shift: 3
Compressed class space size: 1073741824 Address: 0x0000000100000000

Heap:
 garbage-first heap   total 129024K, used 33852K [0x0000000082400000, 0x0000000100000000)
  region size 1024K, 22 young (22528K), 6 survivors (6144K)
 Metaspace       used 48225K, capacity 49539K, committed 49792K, reserved 1093632K
  class space    used 5971K, capacity 6501K, committed 6528K, reserved 1048576K
Heap Regions: E=young(eden), S=young(survivor), O=old, HS=humongous(starts), HC=humongous(continues), CS=collection set, F=free, A=archive, TAMS=top-at-mark-start (previous, next)
|   0|0x0000000082400000, 0x0000000082500000, 0x0000000082500000|100%|HS|  |TAMS 0x0000000082500000, 0x0000000082400000| Complete 
|   1|0x0000000082500000, 0x0000000082600000, 0x0000000082600000|100%| O|  |TAMS 0x0000000082600000, 0x0000000082500000| Untracked 
|   2|0x0000000082600000, 0x0000000082700000, 0x0000000082700000|100%| O|  |TAMS 0x0000000082700000, 0x0000000082600000| Untracked 
|   3|0x0000000082700000, 0x0000000082800000, 0x0000000082800000|100%| O|  |TAMS 0x0000000082800000, 0x0000000082700000| Untracked 
|   4|0x0000000082800000, 0x0000000082900000, 0x0000000082900000|100%| O|  |TAMS 0x0000000082900000, 0x0000000082800000| Untracked 
|   5|0x0000000082900000, 0x0000000082a00000, 0x0000000082a00000|100%| O|  |TAMS 0x0000000082a00000, 0x0000000082900000| Untracked 
|   6|0x0000000082a00000, 0x0000000082b00000, 0x0000000082b00000|100%| O|  |TAMS 0x0000000082b00000, 0x0000000082a00000| Untracked 
|   7|0x0000000082b00000, 0x0000000082c00000, 0x0000000082c00000|100%| O|  |TAMS 0x0000000082c00000, 0x0000000082b00000| Untracked 
|   8|0x0000000082c00000, 0x0000000082d00000, 0x0000000082d00000|100%| O|  |TAMS 0x0000000082c43600, 0x0000000082c00000| Untracked 
|   9|0x0000000082d00000, 0x0000000082e00000, 0x0000000082e00000|100%| O|  |TAMS 0x0000000082d00000, 0x0000000082d00000| Untracked 
|  10|0x0000000082e00000, 0x0000000082f00000, 0x0000000082f00000|100%| O|  |TAMS 0x0000000082e00000, 0x0000000082e00000| Untracked 
|  11|0x0000000082f00000, 0x0000000083000000, 0x0000000083000000|100%| O|  |TAMS 0x0000000082f00000, 0x0000000082f00000| Untracked 
|  12|0x0000000083000000, 0x00000000830a2e00, 0x0000000083100000| 63%| O|  |TAMS 0x0000000083000000, 0x0000000083000000| Untracked 
|  13|0x0000000083100000, 0x0000000083100000, 0x0000000083200000|  0%| F|  |TAMS 0x0000000083100000, 0x0000000083100000| Untracked 
|  14|0x0000000083200000, 0x0000000083200000, 0x0000000083300000|  0%| F|  |TAMS 0x0000000083200000, 0x0000000083200000| Untracked 
|  15|0x0000000083300000, 0x0000000083300000, 0x0000000083400000|  0%| F|  |TAMS 0x0000000083300000, 0x0000000083300000| Untracked 
|  16|0x0000000083400000, 0x0000000083400000, 0x0000000083500000|  0%| F|  |TAMS 0x0000000083400000, 0x0000000083400000| Untracked 
|  17|0x0000000083500000, 0x0000000083500000, 0x0000000083600000|  0%| F|  |TAMS 0x0000000083500000, 0x0000000083500000| Untracked 
|  18|0x0000000083600000, 0x0000000083600000, 0x0000000083700000|  0%| F|  |TAMS 0x0000000083600000, 0x0000000083600000| Untracked 
|  19|0x0000000083700000, 0x0000000083700000, 0x0000000083800000|  0%| F|  |TAMS 0x0000000083700000, 0x0000000083700000| Untracked 
|  20|0x0000000083800000, 0x0000000083800000, 0x0000000083900000|  0%| F|  |TAMS 0x0000000083800000, 0x0000000083800000| Untracked 
|  21|0x0000000083900000, 0x0000000083900000, 0x0000000083a00000|  0%| F|  |TAMS 0x0000000083900000, 0x0000000083900000| Untracked 
|  22|0x0000000083a00000, 0x0000000083a00000, 0x0000000083b00000|  0%| F|  |TAMS 0x0000000083a00000, 0x0000000083a00000| Untracked 
|  23|0x0000000083b00000, 0x0000000083b00000, 0x0000000083c00000|  0%| F|  |TAMS 0x0000000083b00000, 0x0000000083b00000| Untracked 
|  24|0x0000000083c00000, 0x0000000083c00000, 0x0000000083d00000|  0%| F|  |TAMS 0x0000000083c00000, 0x0000000083c00000| Untracked 
|  25|0x0000000083d00000, 0x0000000083d00000, 0x0000000083e00000|  0%| F|  |TAMS 0x0000000083d00000, 0x0000000083d00000| Untracked 
|  26|0x0000000083e00000, 0x0000000083e00000, 0x0000000083f00000|  0%| F|  |TAMS 0x0000000083e00000, 0x0000000083e00000| Untracked 
|  27|0x0000000083f00000, 0x0000000083f00000, 0x0000000084000000|  0%| F|  |TAMS 0x0000000083f00000, 0x0000000083f00000| Untracked 
|  28|0x0000000084000000, 0x0000000084000000, 0x0000000084100000|  0%| F|  |TAMS 0x0000000084000000, 0x0000000084000000| Untracked 
|  29|0x0000000084100000, 0x0000000084100000, 0x0000000084200000|  0%| F|  |TAMS 0x0000000084100000, 0x0000000084100000| Untracked 
|  30|0x0000000084200000, 0x0000000084200000, 0x0000000084300000|  0%| F|  |TAMS 0x0000000084200000, 0x0000000084200000| Untracked 
|  31|0x0000000084300000, 0x0000000084300000, 0x0000000084400000|  0%| F|  |TAMS 0x0000000084300000, 0x0000000084300000| Untracked 
|  32|0x0000000084400000, 0x0000000084400000, 0x0000000084500000|  0%| F|  |TAMS 0x0000000084400000, 0x0000000084400000| Untracked 
|  33|0x0000000084500000, 0x0000000084500000, 0x0000000084600000|  0%| F|  |TAMS 0x0000000084500000, 0x0000000084500000| Untracked 
|  34|0x0000000084600000, 0x0000000084600000, 0x0000000084700000|  0%| F|  |TAMS 0x0000000084600000, 0x0000000084600000| Untracked 
|  35|0x0000000084700000, 0x0000000084700000, 0x0000000084800000|  0%| F|  |TAMS 0x0000000084700000, 0x0000000084700000| Untracked 
|  36|0x0000000084800000, 0x0000000084800000, 0x0000000084900000|  0%| F|  |TAMS 0x0000000084800000, 0x0000000084800000| Untracked 
|  37|0x0000000084900000, 0x0000000084900000, 0x0000000084a00000|  0%| F|  |TAMS 0x0000000084900000, 0x0000000084900000| Untracked 
|  38|0x0000000084a00000, 0x0000000084a00000, 0x0000000084b00000|  0%| F|  |TAMS 0x0000000084a00000, 0x0000000084a00000| Untracked 
|  39|0x0000000084b00000, 0x0000000084b00000, 0x0000000084c00000|  0%| F|  |TAMS 0x0000000084b00000, 0x0000000084b00000| Untracked 
|  40|0x0000000084c00000, 0x0000000084c00000, 0x0000000084d00000|  0%| F|  |TAMS 0x0000000084c00000, 0x0000000084c00000| Untracked 
|  41|0x0000000084d00000, 0x0000000084d00000, 0x0000000084e00000|  0%| F|  |TAMS 0x0000000084d00000, 0x0000000084d00000| Untracked 
|  42|0x0000000084e00000, 0x0000000084e00000, 0x0000000084f00000|  0%| F|  |TAMS 0x0000000084e00000, 0x0000000084e00000| Untracked 
|  43|0x0000000084f00000, 0x0000000084f00000, 0x0000000085000000|  0%| F|  |TAMS 0x0000000084f00000, 0x0000000084f00000| Untracked 
|  44|0x0000000085000000, 0x0000000085000000, 0x0000000085100000|  0%| F|  |TAMS 0x0000000085000000, 0x0000000085000000| Untracked 
|  45|0x0000000085100000, 0x000000008516c250, 0x0000000085200000| 42%| S|CS|TAMS 0x0000000085100000, 0x0000000085100000| Complete 
|  46|0x0000000085200000, 0x0000000085300000, 0x0000000085300000|100%| S|CS|TAMS 0x0000000085200000, 0x0000000085200000| Complete 
|  47|0x0000000085300000, 0x0000000085400000, 0x0000000085400000|100%| S|CS|TAMS 0x0000000085300000, 0x0000000085300000| Complete 
|  48|0x0000000085400000, 0x0000000085400000, 0x0000000085500000|  0%| F|  |TAMS 0x0000000085400000, 0x0000000085400000| Untracked 
|  49|0x0000000085500000, 0x0000000085500000, 0x0000000085600000|  0%| F|  |TAMS 0x0000000085500000, 0x0000000085500000| Untracked 
|  50|0x0000000085600000, 0x0000000085600000, 0x0000000085700000|  0%| F|  |TAMS 0x0000000085600000, 0x0000000085600000| Untracked 
|  51|0x0000000085700000, 0x0000000085800000, 0x0000000085800000|100%| S|CS|TAMS 0x0000000085700000, 0x0000000085700000| Complete 
|  52|0x0000000085800000, 0x0000000085900000, 0x0000000085900000|100%| S|CS|TAMS 0x0000000085800000, 0x0000000085800000| Complete 
|  53|0x0000000085900000, 0x0000000085a00000, 0x0000000085a00000|100%| S|CS|TAMS 0x0000000085900000, 0x0000000085900000| Complete 
|  54|0x0000000085a00000, 0x0000000085a00000, 0x0000000085b00000|  0%| F|  |TAMS 0x0000000085a00000, 0x0000000085a00000| Untracked 
|  55|0x0000000085b00000, 0x0000000085b00000, 0x0000000085c00000|  0%| F|  |TAMS 0x0000000085b00000, 0x0000000085b00000| Untracked 
|  56|0x0000000085c00000, 0x0000000085c00000, 0x0000000085d00000|  0%| F|  |TAMS 0x0000000085c00000, 0x0000000085c00000| Untracked 
|  57|0x0000000085d00000, 0x0000000085d00000, 0x0000000085e00000|  0%| F|  |TAMS 0x0000000085d00000, 0x0000000085d00000| Untracked 
|  58|0x0000000085e00000, 0x0000000085e00000, 0x0000000085f00000|  0%| F|  |TAMS 0x0000000085e00000, 0x0000000085e00000| Untracked 
|  59|0x0000000085f00000, 0x0000000085f00000, 0x0000000086000000|  0%| F|  |TAMS 0x0000000085f00000, 0x0000000085f00000| Untracked 
|  60|0x0000000086000000, 0x0000000086000000, 0x0000000086100000|  0%| F|  |TAMS 0x0000000086000000, 0x0000000086000000| Untracked 
|  61|0x0000000086100000, 0x0000000086100000, 0x0000000086200000|  0%| F|  |TAMS 0x0000000086100000, 0x0000000086100000| Untracked 
|  62|0x0000000086200000, 0x0000000086200000, 0x0000000086300000|  0%| F|  |TAMS 0x0000000086200000, 0x0000000086200000| Untracked 
|  63|0x0000000086300000, 0x0000000086300000, 0x0000000086400000|  0%| F|  |TAMS 0x0000000086300000, 0x0000000086300000| Untracked 
|  64|0x0000000086400000, 0x0000000086400000, 0x0000000086500000|  0%| F|  |TAMS 0x0000000086400000, 0x0000000086400000| Untracked 
|  65|0x0000000086500000, 0x0000000086500000, 0x0000000086600000|  0%| F|  |TAMS 0x0000000086500000, 0x0000000086500000| Untracked 
|  66|0x0000000086600000, 0x0000000086600000, 0x0000000086700000|  0%| F|  |TAMS 0x0000000086600000, 0x0000000086600000| Untracked 
|  67|0x0000000086700000, 0x0000000086700000, 0x0000000086800000|  0%| F|  |TAMS 0x0000000086700000, 0x0000000086700000| Untracked 
|  68|0x0000000086800000, 0x0000000086800000, 0x0000000086900000|  0%| F|  |TAMS 0x0000000086800000, 0x0000000086800000| Untracked 
|  69|0x0000000086900000, 0x0000000086900000, 0x0000000086a00000|  0%| F|  |TAMS 0x0000000086900000, 0x0000000086900000| Untracked 
|  70|0x0000000086a00000, 0x0000000086a00000, 0x0000000086b00000|  0%| F|  |TAMS 0x0000000086a00000, 0x0000000086a00000| Untracked 
|  71|0x0000000086b00000, 0x0000000086b00000, 0x0000000086c00000|  0%| F|  |TAMS 0x0000000086b00000, 0x0000000086b00000| Untracked 
|  72|0x0000000086c00000, 0x0000000086c00000, 0x0000000086d00000|  0%| F|  |TAMS 0x0000000086c00000, 0x0000000086c00000| Untracked 
|  73|0x0000000086d00000, 0x0000000086d00000, 0x0000000086e00000|  0%| F|  |TAMS 0x0000000086d00000, 0x0000000086d00000| Untracked 
|  74|0x0000000086e00000, 0x0000000086e00000, 0x0000000086f00000|  0%| F|  |TAMS 0x0000000086e00000, 0x0000000086e00000| Untracked 
|  75|0x0000000086f00000, 0x0000000086f00000, 0x0000000087000000|  0%| F|  |TAMS 0x0000000086f00000, 0x0000000086f00000| Untracked 
|  76|0x0000000087000000, 0x0000000087000000, 0x0000000087100000|  0%| F|  |TAMS 0x0000000087000000, 0x0000000087000000| Untracked 
|  77|0x0000000087100000, 0x0000000087100000, 0x0000000087200000|  0%| F|  |TAMS 0x0000000087100000, 0x0000000087100000| Untracked 
|  78|0x0000000087200000, 0x0000000087200000, 0x0000000087300000|  0%| F|  |TAMS 0x0000000087200000, 0x0000000087200000| Untracked 
|  79|0x0000000087300000, 0x0000000087300000, 0x0000000087400000|  0%| F|  |TAMS 0x0000000087300000, 0x0000000087300000| Untracked 
|  80|0x0000000087400000, 0x0000000087400000, 0x0000000087500000|  0%| F|  |TAMS 0x0000000087400000, 0x0000000087400000| Untracked 
|  81|0x0000000087500000, 0x0000000087500000, 0x0000000087600000|  0%| F|  |TAMS 0x0000000087500000, 0x0000000087500000| Untracked 
|  82|0x0000000087600000, 0x0000000087600000, 0x0000000087700000|  0%| F|  |TAMS 0x0000000087600000, 0x0000000087600000| Untracked 
|  83|0x0000000087700000, 0x0000000087700000, 0x0000000087800000|  0%| F|  |TAMS 0x0000000087700000, 0x0000000087700000| Untracked 
|  84|0x0000000087800000, 0x0000000087800000, 0x0000000087900000|  0%| F|  |TAMS 0x0000000087800000, 0x0000000087800000| Untracked 
|  85|0x0000000087900000, 0x0000000087900000, 0x0000000087a00000|  0%| F|  |TAMS 0x0000000087900000, 0x0000000087900000| Untracked 
|  86|0x0000000087a00000, 0x0000000087a00000, 0x0000000087b00000|  0%| F|  |TAMS 0x0000000087a00000, 0x0000000087a00000| Untracked 
|  87|0x0000000087b00000, 0x0000000087b00000, 0x0000000087c00000|  0%| F|  |TAMS 0x0000000087b00000, 0x0000000087b00000| Untracked 
|  88|0x0000000087c00000, 0x0000000087c00000, 0x0000000087d00000|  0%| F|  |TAMS 0x0000000087c00000, 0x0000000087c00000| Untracked 
|  89|0x0000000087d00000, 0x0000000087d00000, 0x0000000087e00000|  0%| F|  |TAMS 0x0000000087d00000, 0x0000000087d00000| Untracked 
|  90|0x0000000087e00000, 0x0000000087e00000, 0x0000000087f00000|  0%| F|  |TAMS 0x0000000087e00000, 0x0000000087e00000| Untracked 
|  91|0x0000000087f00000, 0x0000000087f00000, 0x0000000088000000|  0%| F|  |TAMS 0x0000000087f00000, 0x0000000087f00000| Untracked 
|  92|0x0000000088000000, 0x0000000088000000, 0x0000000088100000|  0%| F|  |TAMS 0x0000000088000000, 0x0000000088000000| Untracked 
|  93|0x0000000088100000, 0x0000000088100000, 0x0000000088200000|  0%| F|  |TAMS 0x0000000088100000, 0x0000000088100000| Untracked 
|  94|0x0000000088200000, 0x0000000088200000, 0x0000000088300000|  0%| F|  |TAMS 0x0000000088200000, 0x0000000088200000| Untracked 
|  95|0x0000000088300000, 0x0000000088300000, 0x0000000088400000|  0%| F|  |TAMS 0x0000000088300000, 0x0000000088300000| Untracked 
|  96|0x0000000088400000, 0x0000000088400000, 0x0000000088500000|  0%| F|  |TAMS 0x0000000088400000, 0x0000000088400000| Untracked 
|  97|0x0000000088500000, 0x0000000088500000, 0x0000000088600000|  0%| F|  |TAMS 0x0000000088500000, 0x0000000088500000| Untracked 
|  98|0x0000000088600000, 0x0000000088600000, 0x0000000088700000|  0%| F|  |TAMS 0x0000000088600000, 0x0000000088600000| Untracked 
|  99|0x0000000088700000, 0x0000000088700000, 0x0000000088800000|  0%| F|  |TAMS 0x0000000088700000, 0x0000000088700000| Untracked 
| 100|0x0000000088800000, 0x0000000088800000, 0x0000000088900000|  0%| F|  |TAMS 0x0000000088800000, 0x0000000088800000| Untracked 
| 101|0x0000000088900000, 0x0000000088900000, 0x0000000088a00000|  0%| F|  |TAMS 0x0000000088900000, 0x0000000088900000| Untracked 
| 102|0x0000000088a00000, 0x0000000088a00000, 0x0000000088b00000|  0%| F|  |TAMS 0x0000000088a00000, 0x0000000088a00000| Untracked 
| 103|0x0000000088b00000, 0x0000000088b00000, 0x0000000088c00000|  0%| F|  |TAMS 0x0000000088b00000, 0x0000000088b00000| Untracked 
| 104|0x0000000088c00000, 0x0000000088c00000, 0x0000000088d00000|  0%| F|  |TAMS 0x0000000088c00000, 0x0000000088c00000| Untracked 
| 105|0x0000000088d00000, 0x0000000088d00000, 0x0000000088e00000|  0%| F|  |TAMS 0x0000000088d00000, 0x0000000088d00000| Untracked 
| 106|0x0000000088e00000, 0x0000000088e00000, 0x0000000088f00000|  0%| F|  |TAMS 0x0000000088e00000, 0x0000000088e00000| Untracked 
| 107|0x0000000088f00000, 0x0000000088f00000, 0x0000000089000000|  0%| F|  |TAMS 0x0000000088f00000, 0x0000000088f00000| Untracked 
| 108|0x0000000089000000, 0x0000000089000000, 0x0000000089100000|  0%| F|  |TAMS 0x0000000089000000, 0x0000000089000000| Untracked 
| 109|0x0000000089100000, 0x0000000089100000, 0x0000000089200000|  0%| F|  |TAMS 0x0000000089100000, 0x0000000089100000| Untracked 
| 110|0x0000000089200000, 0x0000000089280800, 0x0000000089300000| 50%| E|  |TAMS 0x0000000089200000, 0x0000000089200000| Complete 
| 111|0x0000000089300000, 0x0000000089400000, 0x0000000089400000|100%| E|CS|TAMS 0x0000000089300000, 0x0000000089300000| Complete 
| 112|0x0000000089400000, 0x0000000089500000, 0x0000000089500000|100%| E|CS|TAMS 0x0000000089400000, 0x0000000089400000| Complete 
| 113|0x0000000089500000, 0x0000000089600000, 0x0000000089600000|100%| E|CS|TAMS 0x0000000089500000, 0x0000000089500000| Complete 
| 114|0x0000000089600000, 0x0000000089700000, 0x0000000089700000|100%| E|CS|TAMS 0x0000000089600000, 0x0000000089600000| Complete 
| 115|0x0000000089700000, 0x0000000089800000, 0x0000000089800000|100%| E|CS|TAMS 0x0000000089700000, 0x0000000089700000| Complete 
| 116|0x0000000089800000, 0x0000000089900000, 0x0000000089900000|100%| E|CS|TAMS 0x0000000089800000, 0x0000000089800000| Complete 
| 117|0x0000000089900000, 0x0000000089a00000, 0x0000000089a00000|100%| E|CS|TAMS 0x0000000089900000, 0x0000000089900000| Complete 
| 118|0x0000000089a00000, 0x0000000089b00000, 0x0000000089b00000|100%| E|CS|TAMS 0x0000000089a00000, 0x0000000089a00000| Complete 
| 119|0x0000000089b00000, 0x0000000089c00000, 0x0000000089c00000|100%| E|CS|TAMS 0x0000000089b00000, 0x0000000089b00000| Complete 
| 120|0x0000000089c00000, 0x0000000089d00000, 0x0000000089d00000|100%| E|CS|TAMS 0x0000000089c00000, 0x0000000089c00000| Complete 
| 121|0x0000000089d00000, 0x0000000089e00000, 0x0000000089e00000|100%| E|CS|TAMS 0x0000000089d00000, 0x0000000089d00000| Complete 
| 122|0x0000000089e00000, 0x0000000089f00000, 0x0000000089f00000|100%| E|CS|TAMS 0x0000000089e00000, 0x0000000089e00000| Complete 
| 123|0x0000000089f00000, 0x000000008a000000, 0x000000008a000000|100%| E|CS|TAMS 0x0000000089f00000, 0x0000000089f00000| Complete 
| 124|0x000000008a000000, 0x000000008a100000, 0x000000008a100000|100%| E|CS|TAMS 0x000000008a000000, 0x000000008a000000| Complete 
| 125|0x000000008a100000, 0x000000008a200000, 0x000000008a200000|100%| E|CS|TAMS 0x000000008a100000, 0x000000008a100000| Complete 

Card table byte_map: [0x00000280268f0000,0x0000028026ce0000] _byte_map_base: 0x00000280264de000

Marking Bits (Prev, Next): (CMBitMap*) 0x000002800cc367d8, (CMBitMap*) 0x000002800cc36810
 Prev Bits: [0x00000280270d0000, 0x0000028029040000)
 Next Bits: [0x0000028029040000, 0x000002802afb0000)

Polling page: 0x000002800ca90000

Metaspace:

Usage:
  Non-class:     42.09 MB capacity,    41.30 MB ( 98%) used,   652.78 KB (  2%) free+waste,   161.13 KB ( <1%) overhead. 
      Class:      6.35 MB capacity,     5.84 MB ( 92%) used,   445.82 KB (  7%) free+waste,    77.38 KB (  1%) overhead. 
       Both:     48.44 MB capacity,    47.13 MB ( 97%) used,     1.07 MB (  2%) free+waste,   238.50 KB ( <1%) overhead. 

Virtual space:
  Non-class space:       44.00 MB reserved,      42.25 MB ( 96%) committed 
      Class space:        1.00 GB reserved,       6.38 MB ( <1%) committed 
             Both:        1.04 GB reserved,      48.63 MB (  5%) committed 

Chunk freelists:
   Non-Class:  34.00 KB
       Class:  27.00 KB
        Both:  61.00 KB

MaxMetaspaceSize: 17179869184.00 GB
CompressedClassSpaceSize: 1.00 GB

CodeHeap 'non-profiled nmethods': size=120000Kb used=2295Kb max_used=2295Kb free=117704Kb
 bounds [0x000002801e570000, 0x000002801e7e0000, 0x0000028025aa0000]
CodeHeap 'profiled nmethods': size=120000Kb used=9116Kb max_used=9273Kb free=110883Kb
 bounds [0x0000028017040000, 0x0000028017950000, 0x000002801e570000]
CodeHeap 'non-nmethods': size=5760Kb used=1173Kb max_used=1227Kb free=4586Kb
 bounds [0x0000028016aa0000, 0x0000028016d10000, 0x0000028017040000]
 total_blobs=4463 nmethods=3937 adapters=437
 compilation: enabled
              stopped_count=0, restarted_count=0
 full_count=0

Compilation events (20 events):
Event: 7.264 Thread 0x000002802dab2800 4077       3       java.lang.invoke.MethodHandles$Lookup::linkMethodHandleConstant (220 bytes)
Event: 7.265 Thread 0x000002802dab2800 nmethod 4077 0x0000028017087190 code [0x0000028017087580, 0x0000028017089198]
Event: 7.266 Thread 0x000002803005d800 nmethod 4025 0x000002801e587e90 code [0x000002801e588040, 0x000002801e588328]
Event: 7.266 Thread 0x000002803005d800 4017       4       java.lang.StringBuilder::toString (35 bytes)
Event: 7.270 Thread 0x000002803005d800 nmethod 4017 0x000002801e5a1910 code [0x000002801e5a1ac0, 0x000002801e5a1ec8]
Event: 7.271 Thread 0x000002803005d800 4029   !   4       jdk.internal.loader.BuiltinClassLoader::loadClassOrNull (143 bytes)
Event: 7.274 Thread 0x000002802dab2800 4078       3       java.util.jar.Manifest::read (339 bytes)
Event: 7.276 Thread 0x000002802dab2800 nmethod 4078 0x00000280170a3c90 code [0x00000280170a4080, 0x00000280170a5cb8]
Event: 7.378 Thread 0x000002802dab2800 4079       3       jdk.internal.jimage.ImageLocation::verifyName (187 bytes)
Event: 7.380 Thread 0x000002802dab2800 nmethod 4079 0x00000280170af190 code [0x00000280170af500, 0x00000280170b0bf8]
Event: 7.401 Thread 0x000002802daae800 nmethod 4005 0x000002801e79f690 code [0x000002801e7a0160, 0x000002801e7ab820]
Event: 7.402 Thread 0x000002802daae800 3840       4       java.lang.invoke.MethodType::makeImpl (108 bytes)
Event: 7.404 Thread 0x000002802dab2800 4080       1       org.apache.logging.log4j.Level::getStandardLevel (5 bytes)
Event: 7.404 Thread 0x000002802dab2800 nmethod 4080 0x000002801e584c90 code [0x000002801e584e40, 0x000002801e584ef8]
Event: 7.441 Thread 0x000002802dab2800 4083       3       jdk.internal.loader.BuiltinClassLoader::findResources (182 bytes)
Event: 7.444 Thread 0x000002802dab2800 nmethod 4083 0x00000280170aba10 code [0x00000280170abea0, 0x00000280170ae488]
Event: 7.444 Thread 0x000002802dab2800 4084       3       jdk.internal.loader.BuiltinClassLoader::findResourcesOnClassPath (43 bytes)
Event: 7.445 Thread 0x000002802dab2800 nmethod 4084 0x0000028017060f90 code [0x00000280170611c0, 0x0000028017061998]
Event: 7.446 Thread 0x000002802dab2800 4085       1       org.hibernate.boot.registry.classloading.internal.AggregatedClassLoader::access$000 (5 bytes)
Event: 7.446 Thread 0x000002802dab2800 nmethod 4085 0x000002801e592b90 code [0x000002801e592d40, 0x000002801e592dd8]

GC Heap History (16 events):
Event: 1.167 GC heap before
{Heap before GC invocations=0 (full 0):
 garbage-first heap   total 129024K, used 24576K [0x0000000082400000, 0x0000000100000000)
  region size 1024K, 24 young (24576K), 0 survivors (0K)
 Metaspace       used 11699K, capacity 11979K, committed 12288K, reserved 1060864K
  class space    used 1136K, capacity 1187K, committed 1280K, reserved 1048576K
}
Event: 1.173 GC heap after
{Heap after GC invocations=1 (full 0):
 garbage-first heap   total 129024K, used 6404K [0x0000000082400000, 0x0000000100000000)
  region size 1024K, 3 young (3072K), 3 survivors (3072K)
 Metaspace       used 11699K, capacity 11979K, committed 12288K, reserved 1060864K
  class space    used 1136K, capacity 1187K, committed 1280K, reserved 1048576K
}
Event: 2.200 GC heap before
{Heap before GC invocations=1 (full 0):
 garbage-first heap   total 129024K, used 79108K [0x0000000082400000, 0x0000000100000000)
  region size 1024K, 75 young (76800K), 3 survivors (3072K)
 Metaspace       used 18674K, capacity 19194K, committed 19456K, reserved 1067008K
  class space    used 2037K, capacity 2252K, committed 2304K, reserved 1048576K
}
Event: 2.232 GC heap after
{Heap after GC invocations=2 (full 0):
 garbage-first heap   total 129024K, used 8733K [0x0000000082400000, 0x0000000100000000)
  region size 1024K, 6 young (6144K), 6 survivors (6144K)
 Metaspace       used 18674K, capacity 19194K, committed 19456K, reserved 1067008K
  class space    used 2037K, capacity 2252K, committed 2304K, reserved 1048576K
}
Event: 2.325 GC heap before
{Heap before GC invocations=2 (full 0):
 garbage-first heap   total 129024K, used 17949K [0x0000000082400000, 0x0000000100000000)
  region size 1024K, 16 young (16384K), 6 survivors (6144K)
 Metaspace       used 20543K, capacity 21103K, committed 21248K, reserved 1069056K
  class space    used 2224K, capacity 2462K, committed 2560K, reserved 1048576K
}
Event: 2.329 GC heap after
{Heap after GC invocations=3 (full 0):
 garbage-first heap   total 129024K, used 9025K [0x0000000082400000, 0x0000000100000000)
  region size 1024K, 6 young (6144K), 6 survivors (6144K)
 Metaspace       used 20543K, capacity 21103K, committed 21248K, reserved 1069056K
  class space    used 2224K, capacity 2462K, committed 2560K, reserved 1048576K
}
Event: 2.762 GC heap before
{Heap before GC invocations=4 (full 0):
 garbage-first heap   total 129024K, used 78657K [0x0000000082400000, 0x0000000100000000)
  region size 1024K, 75 young (76800K), 6 survivors (6144K)
 Metaspace       used 25480K, capacity 26145K, committed 26496K, reserved 1073152K
  class space    used 2855K, capacity 3100K, committed 3200K, reserved 1048576K
}
Event: 2.768 GC heap after
{Heap after GC invocations=5 (full 0):
 garbage-first heap   total 129024K, used 10787K [0x0000000082400000, 0x0000000100000000)
  region size 1024K, 5 young (5120K), 5 survivors (5120K)
 Metaspace       used 25480K, capacity 26145K, committed 26496K, reserved 1073152K
  class space    used 2855K, capacity 3100K, committed 3200K, reserved 1048576K
}
Event: 4.269 GC heap before
{Heap before GC invocations=5 (full 0):
 garbage-first heap   total 129024K, used 82467K [0x0000000082400000, 0x0000000100000000)
  region size 1024K, 75 young (76800K), 5 survivors (5120K)
 Metaspace       used 31008K, capacity 31849K, committed 32128K, reserved 1077248K
  class space    used 3552K, capacity 3881K, committed 3968K, reserved 1048576K
}
Event: 4.275 GC heap after
{Heap after GC invocations=6 (full 0):
 garbage-first heap   total 129024K, used 13288K [0x0000000082400000, 0x0000000100000000)
  region size 1024K, 7 young (7168K), 7 survivors (7168K)
 Metaspace       used 31008K, capacity 31849K, committed 32128K, reserved 1077248K
  class space    used 3552K, capacity 3881K, committed 3968K, reserved 1048576K
}
Event: 5.200 GC heap before
{Heap before GC invocations=6 (full 0):
 garbage-first heap   total 129024K, used 38888K [0x0000000082400000, 0x0000000100000000)
  region size 1024K, 33 young (33792K), 7 survivors (7168K)
 Metaspace       used 34770K, capacity 35720K, committed 35840K, reserved 1081344K
  class space    used 4084K, capacity 4468K, committed 4480K, reserved 1048576K
}
Event: 5.214 GC heap after
{Heap after GC invocations=7 (full 0):
 garbage-first heap   total 129024K, used 15367K [0x0000000082400000, 0x0000000100000000)
  region size 1024K, 7 young (7168K), 7 survivors (7168K)
 Metaspace       used 34770K, capacity 35720K, committed 35840K, reserved 1081344K
  class space    used 4084K, capacity 4468K, committed 4480K, reserved 1048576K
}
Event: 5.504 GC heap before
{Heap before GC invocations=8 (full 0):
 garbage-first heap   total 129024K, used 83975K [0x0000000082400000, 0x0000000100000000)
  region size 1024K, 75 young (76800K), 7 survivors (7168K)
 Metaspace       used 35882K, capacity 36910K, committed 37120K, reserved 1081344K
  class space    used 4202K, capacity 4610K, committed 4736K, reserved 1048576K
}
Event: 5.510 GC heap after
{Heap after GC invocations=9 (full 0):
 garbage-first heap   total 129024K, used 16011K [0x0000000082400000, 0x0000000100000000)
  region size 1024K, 3 young (3072K), 3 survivors (3072K)
 Metaspace       used 35882K, capacity 36910K, committed 37120K, reserved 1081344K
  class space    used 4202K, capacity 4610K, committed 4736K, reserved 1048576K
}
Event: 7.199 GC heap before
{Heap before GC invocations=9 (full 0):
 garbage-first heap   total 129024K, used 88715K [0x0000000082400000, 0x0000000100000000)
  region size 1024K, 75 young (76800K), 3 survivors (3072K)
 Metaspace       used 45259K, capacity 46438K, committed 46720K, reserved 1089536K
  class space    used 5446K, capacity 5915K, committed 6016K, reserved 1048576K
}
Event: 7.205 GC heap after
{Heap after GC invocations=10 (full 0):
 garbage-first heap   total 129024K, used 18492K [0x0000000082400000, 0x0000000100000000)
  region size 1024K, 6 young (6144K), 6 survivors (6144K)
 Metaspace       used 45259K, capacity 46438K, committed 46720K, reserved 1089536K
  class space    used 5446K, capacity 5915K, committed 6016K, reserved 1048576K
}

Deoptimization events (20 events):
Event: 6.435 Thread 0x000002802ed0e800 DEOPT PACKING pc=0x000002801e72da44 sp=0x000000a89e5fb4c0
Event: 6.435 Thread 0x000002802ed0e800 DEOPT UNPACKING pc=0x0000028016ac74af sp=0x000000a89e5fb3a8 mode 2
Event: 6.499 Thread 0x000002802ed0e800 Uncommon trap: trap_request=0xffffff4d fr.pc=0x000002801e7468bc relative=0x000000000000117c
Event: 6.499 Thread 0x000002802ed0e800 Uncommon trap: reason=unstable_if action=reinterpret pc=0x000002801e7468bc method=java.util.Properties$LineReader.readLine()I @ 295 c2
Event: 6.499 Thread 0x000002802ed0e800 DEOPT PACKING pc=0x000002801e7468bc sp=0x000000a89e5fc160
Event: 6.499 Thread 0x000002802ed0e800 DEOPT UNPACKING pc=0x0000028016ac74af sp=0x000000a89e5fc0f0 mode 2
Event: 6.503 Thread 0x000002802ed0e800 DEOPT PACKING pc=0x000002801791ba11 sp=0x000000a89e5fc350
Event: 6.503 Thread 0x000002802ed0e800 DEOPT UNPACKING pc=0x0000028016ac72ce sp=0x000000a89e5fb830 mode 0
Event: 6.755 Thread 0x000002802ed0e800 Uncommon trap: trap_request=0xfffffff4 fr.pc=0x000002801e6cac60 relative=0x0000000000000800
Event: 6.755 Thread 0x000002802ed0e800 Uncommon trap: reason=null_check action=make_not_entrant pc=0x000002801e6cac60 method=org.springframework.beans.factory.support.DefaultListableBeanFactory.getBeanDefinition(Ljava/lang/String;)Lorg/springframework/beans/factory/config/BeanDefinition; @ 10 
Event: 6.755 Thread 0x000002802ed0e800 DEOPT PACKING pc=0x000002801e6cac60 sp=0x000000a89e5fcc00
Event: 6.755 Thread 0x000002802ed0e800 DEOPT UNPACKING pc=0x0000028016ac74af sp=0x000000a89e5fcb38 mode 2
Event: 6.779 Thread 0x000002802ed0e800 Uncommon trap: trap_request=0xffffff4d fr.pc=0x000002801e7603f4 relative=0x0000000000002394
Event: 6.779 Thread 0x000002802ed0e800 Uncommon trap: reason=unstable_if action=reinterpret pc=0x000002801e7603f4 method=java.net.URL.<init>(Ljava/net/URL;Ljava/lang/String;Ljava/net/URLStreamHandler;)V @ 57 c2
Event: 6.779 Thread 0x000002802ed0e800 DEOPT PACKING pc=0x000002801e7603f4 sp=0x000000a89e5fbbe0
Event: 6.779 Thread 0x000002802ed0e800 DEOPT UNPACKING pc=0x0000028016ac74af sp=0x000000a89e5fbba0 mode 2
Event: 6.779 Thread 0x000002802ed0e800 Uncommon trap: trap_request=0xffffff4d fr.pc=0x000002801e76f81c relative=0x0000000000003edc
Event: 6.779 Thread 0x000002802ed0e800 Uncommon trap: reason=unstable_if action=reinterpret pc=0x000002801e76f81c method=java.net.URLStreamHandler.parseURL(Ljava/net/URL;Ljava/lang/String;II)V @ 57 c2
Event: 6.779 Thread 0x000002802ed0e800 DEOPT PACKING pc=0x000002801e76f81c sp=0x000000a89e5fba50
Event: 6.779 Thread 0x000002802ed0e800 DEOPT UNPACKING pc=0x0000028016ac74af sp=0x000000a89e5fba10 mode 2

Classes redefined (0 events):
No events

Internal exceptions (20 events):
Event: 4.644 Thread 0x000002802ed0e800 Exception <a 'java/lang/IncompatibleClassChangeError'{0x00000000893dc1e0}: Found class java.lang.Object, but interface was expected> (0x00000000893dc1e0) thrown at [./src/hotspot/share/interpreter/linkResolver.cpp, line 839]
Event: 4.645 Thread 0x000002802ed0e800 Exception <a 'java/lang/NoSuchMethodError'{0x00000000893e1088}: 'void java.lang.invoke.DirectMethodHandle$Holder.invokeStatic(java.lang.Object, int, java.lang.Object)'> (0x00000000893e1088) thrown at [./src/hotspot/share/interpreter/linkResolver.cpp, line 773]
Event: 4.856 Thread 0x000002802ed0e800 Exception <a 'java/lang/NoSuchMethodError'{0x0000000088ef6a98}: 'java.lang.Object java.lang.invoke.DirectMethodHandle$Holder.invokeStaticInit(java.lang.Object, int, int, int, int)'> (0x0000000088ef6a98) thrown at [./src/hotspot/share/interpreter/linkResolver.cpp, line 773]
Event: 5.071 Thread 0x000002802ed0e800 Exception <a 'java/lang/NoSuchMethodError'{0x0000000088d40008}: 'java.lang.Object java.lang.invoke.DirectMethodHandle$Holder.invokeStaticInit(java.lang.Object, java.lang.Object, int, int, int, int)'> (0x0000000088d40008) thrown at [./src/hotspot/share/interpreter/linkResolver.cpp, line 773]
Event: 5.426 Thread 0x000002802ed0e800 Implicit null exception at 0x000002801e634bcc to 0x000002801e636b70
Event: 5.601 Thread 0x000002802ed0e800 Exception <a 'java/io/FileNotFoundException'{0x0000000088ff79f8}> (0x0000000088ff79f8) thrown at [./src/hotspot/share/prims/jni.cpp, line 615]
Event: 5.640 Thread 0x000002802ed0e800 Exception <a 'java/lang/NoSuchMethodError'{0x0000000088d83770}: 'int java.lang.invoke.DirectMethodHandle$Holder.invokeInterface(java.lang.Object, java.lang.Object, java.lang.Object, java.lang.Object)'> (0x0000000088d83770) thrown at [./src/hotspot/share/interpreter/linkResolver.cpp, line 773]
Event: 5.688 Thread 0x000002802ed0e800 Exception <a 'java/lang/NoSuchMethodError'{0x0000000088cf6b20}: 'java.lang.Object java.lang.invoke.DirectMethodHandle$Holder.invokeStaticInit(java.lang.Object, java.lang.Object, java.lang.Object, java.lang.Object)'> (0x0000000088cf6b20) thrown at [./src/hotspot/share/interpreter/linkResolver.cpp, line 773]
Event: 5.690 Thread 0x000002802ed0e800 Exception <a 'java/lang/IncompatibleClassChangeError'{0x0000000088b0c398}: Found class java.lang.Object, but interface was expected> (0x0000000088b0c398) thrown at [./src/hotspot/share/interpreter/linkResolver.cpp, line 839]
Event: 5.692 Thread 0x000002802ed0e800 Exception <a 'java/lang/IncompatibleClassChangeError'{0x0000000088b19f50}: Found class java.lang.Object, but interface was expected> (0x0000000088b19f50) thrown at [./src/hotspot/share/interpreter/linkResolver.cpp, line 839]
Event: 5.700 Thread 0x000002802ed0e800 Exception <a 'java/lang/IncompatibleClassChangeError'{0x0000000088b49d80}: Found class java.lang.Object, but interface was expected> (0x0000000088b49d80) thrown at [./src/hotspot/share/interpreter/linkResolver.cpp, line 839]
Event: 5.819 Thread 0x000002802ed0e800 Exception <a 'java/lang/NoSuchMethodError'{0x000000008891ea60}: 'double java.lang.invoke.DirectMethodHandle$Holder.invokeStatic(java.lang.Object, java.lang.Object)'> (0x000000008891ea60) thrown at [./src/hotspot/share/interpreter/linkResolver.cpp, line 773]
Event: 5.827 Thread 0x000002802ed0e800 Exception <a 'java/lang/NoSuchMethodError'{0x0000000088927528}: 'void java.lang.invoke.DirectMethodHandle$Holder.invokeStatic(java.lang.Object, java.lang.Object, double)'> (0x0000000088927528) thrown at [./src/hotspot/share/interpreter/linkResolver.cpp, line 773]
Event: 5.830 Thread 0x000002802ed0e800 Exception <a 'java/lang/NoSuchMethodError'{0x0000000088932588}: 'long java.lang.invoke.DirectMethodHandle$Holder.invokeVirtual(java.lang.Object, java.lang.Object)'> (0x0000000088932588) thrown at [./src/hotspot/share/interpreter/linkResolver.cpp, line 773]
Event: 5.851 Thread 0x000002802ed0e800 Exception <a 'java/lang/NoSuchMethodError'{0x0000000088990a18}: 'java.lang.Object java.lang.invoke.DirectMethodHandle$Holder.invokeSpecial(java.lang.Object, java.lang.Object, java.lang.Object, java.lang.Object, java.lang.Object, java.lang.Object, java.lang.Object, java.lang.Object, java.lang.Object)'> (0x0000000088990a18) thrown at [./src/hotspot/share/interpreter/linkResolver.cpp, line 773]
Event: 5.851 Thread 0x000002802ed0e800 Exception <a 'java/lang/NoSuchMethodError'{0x0000000088994eb8}: 'java.lang.Object java.lang.invoke.Invokers$Holder.linkToTargetMethod(java.lang.Object, java.lang.Object, java.lang.Object, java.lang.Object, java.lang.Object, java.lang.Object, java.lang.Object, java.lang.Object)'> (0x0000000088994eb8) thrown at [./src/hotspot/share/interpreter/linkResolver.cpp, line 773]
Event: 5.880 Thread 0x000002802ed0e800 Exception <a 'java/lang/NoSuchMethodError'{0x0000000088830a18}: 'double java.lang.invoke.DirectMethodHandle$Holder.invokeSpecial(java.lang.Object, java.lang.Object, java.lang.Object)'> (0x0000000088830a18) thrown at [./src/hotspot/share/interpreter/linkResolver.cpp, line 773]
Event: 6.519 Thread 0x000002802ed0e800 Exception <a 'java/io/FileNotFoundException'{0x000000008704d190}> (0x000000008704d190) thrown at [./src/hotspot/share/prims/jni.cpp, line 615]
Event: 6.755 Thread 0x000002802ed0e800 Implicit null exception at 0x000002801e6ca9df to 0x000002801e6cac50
Event: 7.262 Thread 0x000002802e9f4000 Exception <a 'java/lang/NoSuchMethodError'{0x0000000089d04e78}: 'long java.lang.invoke.DirectMethodHandle$Holder.invokeStatic(java.lang.Object, long, long)'> (0x0000000089d04e78) thrown at [./src/hotspot/share/interpreter/linkResolver.cpp, line 773]

Events (20 events):
Event: 7.436 loading class org/hibernate/type/spi/TypeConfiguration
Event: 7.436 loading class org/hibernate/type/spi/TypeConfiguration done
Event: 7.436 loading class org/hibernate/type/TypeFactory$TypeScope
Event: 7.436 loading class org/hibernate/type/TypeFactory$TypeScope done
Event: 7.437 loading class org/hibernate/type/TypeResolver
Event: 7.437 loading class org/hibernate/type/TypeResolver done
Event: 7.438 loading class org/hibernate/type/internal/TypeConfigurationRegistry
Event: 7.438 loading class org/hibernate/type/internal/TypeConfigurationRegistry done
Event: 7.439 loading class org/hibernate/boot/spi/MetadataSourcesContributor
Event: 7.439 loading class org/hibernate/boot/spi/MetadataSourcesContributor done
Event: 7.442 loading class org/hibernate/boot/cfgxml/internal/CfgXmlAccessServiceImpl
Event: 7.442 loading class org/hibernate/boot/cfgxml/internal/CfgXmlAccessServiceImpl done
Event: 7.442 loading class org/hibernate/boot/spi/MetadataBuilderInitializer
Event: 7.442 loading class org/hibernate/boot/spi/MetadataBuilderInitializer done
Event: 7.446 loading class org/hibernate/boot/spi/MetadataBuilderFactory
Event: 7.446 loading class org/hibernate/boot/spi/MetadataBuilderFactory done
Event: 7.448 loading class org/hibernate/jpa/boot/internal/StandardJpaScanEnvironmentImpl
Event: 7.448 loading class org/hibernate/jpa/boot/internal/StandardJpaScanEnvironmentImpl done
Event: 7.449 loading class org/hibernate/boot/model/process/spi/MetadataBuildingProcess
Event: 7.449 loading class org/hibernate/boot/model/process/spi/MetadataBuildingProcess done


Dynamic libraries:
0x00007ff6127c0000 - 0x00007ff6127cd000 	C:\Program Files\AdoptOpenJDK\jdk-11.0.9.101-hotspot\bin\java.exe
0x00007ffcf26b0000 - 0x00007ffcf28a5000 	C:\WINDOWS\SYSTEM32\ntdll.dll
0x00007ffcf1160000 - 0x00007ffcf121d000 	C:\WINDOWS\System32\KERNEL32.DLL
0x00007ffcf00b0000 - 0x00007ffcf0379000 	C:\WINDOWS\System32\KERNELBASE.dll
0x00007ffcf0620000 - 0x00007ffcf0720000 	C:\WINDOWS\System32\ucrtbase.dll
0x00007ffce8540000 - 0x00007ffce8555000 	C:\Program Files\AdoptOpenJDK\jdk-11.0.9.101-hotspot\bin\VCRUNTIME140.dll
0x00007ffcddf80000 - 0x00007ffcddf97000 	C:\Program Files\AdoptOpenJDK\jdk-11.0.9.101-hotspot\bin\jli.dll
0x00007ffcf2040000 - 0x00007ffcf21e0000 	C:\WINDOWS\System32\USER32.dll
0x00007ffcf04e0000 - 0x00007ffcf0502000 	C:\WINDOWS\System32\win32u.dll
0x00007ffce7a30000 - 0x00007ffce7cca000 	C:\WINDOWS\WinSxS\amd64_microsoft.windows.common-controls_6595b64144ccf1df_6.0.19041.1110_none_60b5254171f9507e\COMCTL32.dll
0x00007ffcf23e0000 - 0x00007ffcf240a000 	C:\WINDOWS\System32\GDI32.dll
0x00007ffcf1360000 - 0x00007ffcf13fe000 	C:\WINDOWS\System32\msvcrt.dll
0x00007ffcf0510000 - 0x00007ffcf061b000 	C:\WINDOWS\System32\gdi32full.dll
0x00007ffcefe40000 - 0x00007ffcefedd000 	C:\WINDOWS\System32\msvcp_win.dll
0x00007ffcf18d0000 - 0x00007ffcf1900000 	C:\WINDOWS\System32\IMM32.DLL
0x00007ffcc2160000 - 0x00007ffcc21fb000 	C:\Program Files\AdoptOpenJDK\jdk-11.0.9.101-hotspot\bin\msvcp140.dll
0x00007ffcaffa0000 - 0x00007ffcb0ae3000 	C:\Program Files\AdoptOpenJDK\jdk-11.0.9.101-hotspot\bin\server\jvm.dll
0x00007ffcf1220000 - 0x00007ffcf12cc000 	C:\WINDOWS\System32\ADVAPI32.dll
0x00007ffcf0e90000 - 0x00007ffcf0f2b000 	C:\WINDOWS\System32\sechost.dll
0x00007ffcf2420000 - 0x00007ffcf254a000 	C:\WINDOWS\System32\RPCRT4.dll
0x00007ffcf2600000 - 0x00007ffcf2608000 	C:\WINDOWS\System32\PSAPI.DLL
0x00007ffce7850000 - 0x00007ffce7859000 	C:\WINDOWS\SYSTEM32\WSOCK32.dll
0x00007ffcd9a80000 - 0x00007ffcd9aa7000 	C:\WINDOWS\SYSTEM32\WINMM.dll
0x00007ffcf12f0000 - 0x00007ffcf135b000 	C:\WINDOWS\System32\WS2_32.dll
0x00007ffce99d0000 - 0x00007ffce99da000 	C:\WINDOWS\SYSTEM32\VERSION.dll
0x00007ffcedc40000 - 0x00007ffcedc52000 	C:\WINDOWS\SYSTEM32\kernel.appcore.dll
0x00007ffcea470000 - 0x00007ffcea480000 	C:\Program Files\AdoptOpenJDK\jdk-11.0.9.101-hotspot\bin\verify.dll
0x00007ffcde8f0000 - 0x00007ffcdead4000 	C:\WINDOWS\SYSTEM32\DBGHELP.DLL
0x00007ffcda2d0000 - 0x00007ffcda2fc000 	C:\WINDOWS\SYSTEM32\dbgcore.DLL
0x00007ffcefee0000 - 0x00007ffceff63000 	C:\WINDOWS\System32\bcryptPrimitives.dll
0x00007ffcddf50000 - 0x00007ffcddf78000 	C:\Program Files\AdoptOpenJDK\jdk-11.0.9.101-hotspot\bin\java.dll
0x00007ffcde670000 - 0x00007ffcde67a000 	C:\Program Files\AdoptOpenJDK\jdk-11.0.9.101-hotspot\bin\jimage.dll
0x00007ffcddf40000 - 0x00007ffcddf4e000 	C:\Program Files\AdoptOpenJDK\jdk-11.0.9.101-hotspot\bin\instrument.dll
0x00007ffcd3ae0000 - 0x00007ffcd3af7000 	C:\Program Files\AdoptOpenJDK\jdk-11.0.9.101-hotspot\bin\zip.dll
0x00007ffcf1900000 - 0x00007ffcf203f000 	C:\WINDOWS\System32\SHELL32.dll
0x00007ffcedf20000 - 0x00007ffcee6b1000 	C:\WINDOWS\SYSTEM32\windows.storage.dll
0x00007ffcf0720000 - 0x00007ffcf0a75000 	C:\WINDOWS\System32\combase.dll
0x00007ffcef790000 - 0x00007ffcef7bc000 	C:\WINDOWS\SYSTEM32\Wldp.dll
0x00007ffcf0f90000 - 0x00007ffcf103e000 	C:\WINDOWS\System32\SHCORE.dll
0x00007ffcf2610000 - 0x00007ffcf2665000 	C:\WINDOWS\System32\shlwapi.dll
0x00007ffcefd30000 - 0x00007ffcefd4f000 	C:\WINDOWS\SYSTEM32\profapi.dll
0x00007ffcd3a90000 - 0x00007ffcd3aa9000 	C:\Program Files\AdoptOpenJDK\jdk-11.0.9.101-hotspot\bin\net.dll
0x00007ffce6ce0000 - 0x00007ffce6dea000 	C:\WINDOWS\SYSTEM32\WINHTTP.dll
0x00007ffcef4f0000 - 0x00007ffcef55a000 	C:\WINDOWS\system32\mswsock.dll
0x00007ffcd2ca0000 - 0x00007ffcd2cb2000 	C:\Program Files\AdoptOpenJDK\jdk-11.0.9.101-hotspot\bin\nio.dll
0x00007ffcd1c20000 - 0x00007ffcd1c3a000 	C:\Program Files\JetBrains\IntelliJ IDEA Community Edition 2021.1.3\bin\breakgen64.dll
0x00007ffcddef0000 - 0x00007ffcddef9000 	C:\Program Files\AdoptOpenJDK\jdk-11.0.9.101-hotspot\bin\management.dll
0x00007ffcdde90000 - 0x00007ffcdde9b000 	C:\Program Files\AdoptOpenJDK\jdk-11.0.9.101-hotspot\bin\management_ext.dll
0x00007ffce9b70000 - 0x00007ffce9b87000 	C:\WINDOWS\system32\napinsp.dll
0x00007ffce84a0000 - 0x00007ffce84bb000 	C:\WINDOWS\system32\pnrpnsp.dll
0x00007ffce9b10000 - 0x00007ffce9b25000 	C:\WINDOWS\system32\wshbth.dll
0x00007ffcebac0000 - 0x00007ffcebadd000 	C:\WINDOWS\system32\NLAapi.dll
0x00007ffcef1e0000 - 0x00007ffcef21b000 	C:\WINDOWS\SYSTEM32\IPHLPAPI.DLL
0x00007ffcef220000 - 0x00007ffcef2ec000 	C:\WINDOWS\SYSTEM32\DNSAPI.dll
0x00007ffcf0a80000 - 0x00007ffcf0a88000 	C:\WINDOWS\System32\NSI.dll
0x00007ffce8240000 - 0x00007ffce8252000 	C:\WINDOWS\System32\winrnr.dll
0x00007ffce7cd0000 - 0x00007ffce7cda000 	C:\Windows\System32\rasadhlp.dll
0x00007ffce57f0000 - 0x00007ffce586f000 	C:\WINDOWS\System32\fwpuclnt.dll
0x00007ffcf0020000 - 0x00007ffcf0047000 	C:\WINDOWS\System32\bcrypt.dll
0x00007ffcef6e0000 - 0x00007ffcef6f8000 	C:\WINDOWS\SYSTEM32\CRYPTSP.dll
0x00007ffceee90000 - 0x00007ffceeec4000 	C:\WINDOWS\system32\rsaenh.dll
0x00007ffcefcb0000 - 0x00007ffcefcde000 	C:\WINDOWS\SYSTEM32\USERENV.dll
0x00007ffcef6d0000 - 0x00007ffcef6dc000 	C:\WINDOWS\SYSTEM32\CRYPTBASE.dll
0x00007ffce8220000 - 0x00007ffce8237000 	C:\WINDOWS\SYSTEM32\dhcpcsvc6.DLL
0x00007ffce88d0000 - 0x00007ffce88ed000 	C:\WINDOWS\SYSTEM32\dhcpcsvc.DLL

dbghelp: loaded successfully - version: 4.0.5 - missing functions: none
symbol engine: initialized successfully - sym options: 0x614 - pdb path: .;C:\Program Files\AdoptOpenJDK\jdk-11.0.9.101-hotspot\bin;C:\WINDOWS\SYSTEM32;C:\WINDOWS\WinSxS\amd64_microsoft.windows.common-controls_6595b64144ccf1df_6.0.19041.1110_none_60b5254171f9507e;C:\Program Files\AdoptOpenJDK\jdk-11.0.9.101-hotspot\bin\server;C:\Program Files\JetBrains\IntelliJ IDEA Community Edition 2021.1.3\bin

VM Arguments:
jvm_args: -javaagent:C:\Program Files\JetBrains\IntelliJ IDEA Community Edition 2021.1.3\lib\idea_rt.jar=58929:C:\Program Files\JetBrains\IntelliJ IDEA Community Edition 2021.1.3\bin -Dfile.encoding=UTF-8 
java_command: one.digitalinnovation.personapi.PersonapiApplication
java_class_path (initial): C:\Users\Laura\Desktop\Gabi\Unip\BOOTCAMP'S\BOOTCAMP_DIO\BOOTCAMP 2021\Projeto_JAVA\personapi\target\classes;C:\Users\Laura\.m2\repository\org\springframework\boot\spring-boot-starter-actuator\2.5.2\spring-boot-starter-actuator-2.5.2.jar;C:\Users\Laura\.m2\repository\org\springframework\boot\spring-boot-starter\2.5.2\spring-boot-starter-2.5.2.jar;C:\Users\Laura\.m2\repository\org\springframework\boot\spring-boot-starter-logging\2.5.2\spring-boot-starter-logging-2.5.2.jar;C:\Users\Laura\.m2\repository\ch\qos\logback\logback-classic\1.2.3\logback-classic-1.2.3.jar;C:\Users\Laura\.m2\repository\ch\qos\logback\logback-core\1.2.3\logback-core-1.2.3.jar;C:\Users\Laura\.m2\repository\org\apache\logging\log4j\log4j-to-slf4j\2.14.1\log4j-to-slf4j-2.14.1.jar;C:\Users\Laura\.m2\repository\org\apache\logging\log4j\log4j-api\2.14.1\log4j-api-2.14.1.jar;C:\Users\Laura\.m2\repository\org\slf4j\jul-to-slf4j\1.7.31\jul-to-slf4j-1.7.31.jar;C:\Users\Laura\.m2\repository\jakarta\annotation\jakarta.annotation-api\1.3.5\jakarta.annotation-api-1.3.5.jar;C:\Users\Laura\.m2\repository\org\yaml\snakeyaml\1.28\snakeyaml-1.28.jar;C:\Users\Laura\.m2\repository\org\springframework\boot\spring-boot-actuator-autoconfigure\2.5.2\spring-boot-actuator-autoconfigure-2.5.2.jar;C:\Users\Laura\.m2\repository\org\springframework\boot\spring-boot-actuator\2.5.2\spring-boot-actuator-2.5.2.jar;C:\Users\Laura\.m2\repository\com\fasterxml\jackson\core\jackson-databind\2.12.3\jackson-databind-2.12.3.jar;C:\Users\Laura\.m2\repository\com\fasterxml\jackson\core\jackson-annotations\2.12.3\jackson-annotations-2.12.3.jar;C:\Users\Laura\.m2\repository\com\fasterxml\jackson\core\jackson-core\2.12.3\jackson-core-2.12.3.jar;C:\Users\Laura\.m2\repository\com\fasterxml\jackson\datatype\jackson-datatype-jsr310\2.12.3\jackson-datatype-jsr310-2.12.3.jar;C:\Users\Laura\.m2\repository\io\micrometer\micrometer-core\1.7.1\micrometer-core-1.7.1.jar;C:\Users\Laura\.m2\repository\org\hdrhistogram\HdrHis
Launcher Type: SUN_STANDARD

[Global flags]
     intx CICompilerCount                          = 4                                         {product} {ergonomic}
     uint ConcGCThreads                            = 2                                         {product} {ergonomic}
     uint G1ConcRefinementThreads                  = 8                                         {product} {ergonomic}
   size_t G1HeapRegionSize                         = 1048576                                   {product} {ergonomic}
    uintx GCDrainStackTargetSize                   = 64                                        {product} {ergonomic}
   size_t InitialHeapSize                          = 132120576                                 {product} {ergonomic}
   size_t MarkStackSize                            = 4194304                                   {product} {ergonomic}
   size_t MaxHeapSize                              = 2109734912                                {product} {ergonomic}
   size_t MaxNewSize                               = 1265631232                                {product} {ergonomic}
   size_t MinHeapDeltaBytes                        = 1048576                                   {product} {ergonomic}
    uintx NonNMethodCodeHeapSize                   = 5836300                                {pd product} {ergonomic}
    uintx NonProfiledCodeHeapSize                  = 122910970                              {pd product} {ergonomic}
    uintx ProfiledCodeHeapSize                     = 122910970                              {pd product} {ergonomic}
    uintx ReservedCodeCacheSize                    = 251658240                              {pd product} {ergonomic}
     bool SegmentedCodeCache                       = true                                      {product} {ergonomic}
     bool UseCompressedClassPointers               = true                                 {lp64_product} {ergonomic}
     bool UseCompressedOops                        = true                                 {lp64_product} {ergonomic}
     bool UseG1GC                                  = true                                      {product} {ergonomic}
     bool UseLargePagesIndividualAllocation        = false                                  {pd product} {ergonomic}

Logging:
Log output configuration:
 #0: stdout all=warning uptime,level,tags
 #1: stderr all=off uptime,level,tags

Environment Variables:
PATH=C:\Program Files\AdoptOpenJDK\jdk-11.0.9.101-hotspot\bin;C:\Program Files (x86)\Common Files\Oracle\Java\javapath;C:\Windows\system32;C:\Windows;C:\Windows\System32\Wbem;C:\Windows\System32\WindowsPowerShell\v1.0\;C:\Windows\System32\OpenSSH\;C:\Program Files (x86)\NVIDIA Corporation\PhysX\Common;C:\Program Files\NVIDIA Corporation\NVIDIA NvDLISR;C:\WINDOWS\system32;C:\WINDOWS;C:\WINDOWS\System32\Wbem;C:\WINDOWS\System32\WindowsPowerShell\v1.0\;C:\WINDOWS\System32\OpenSSH\;C:\ProgramData\UNIVALI\Portugol Studio;C:\Program Files\Git\cmd;C:\Users\Laura\AppData\Local\Microsoft\WindowsApps;C:\Program Files\JetBrains\IntelliJ IDEA 2021.1.3\bin;;C:\Program Files (x86)\GnuWin32\bin;;C:\Program Files\JetBrains\IntelliJ IDEA Community Edition 2021.1.3\bin;
USERNAME=Laura
OS=Windows_NT
PROCESSOR_IDENTIFIER=Intel64 Family 6 Model 142 Stepping 11, GenuineIntel



---------------  S Y S T E M  ---------------

OS: Windows 10 , 64 bit Build 19041 (10.0.19041.1023)
OS uptime: 3 days 8:12 hours

CPU:total 8 (initial active 8) (4 cores per cpu, 2 threads per core) family 6 model 142 stepping 11, cmov, cx8, fxsr, mmx, sse, sse2, sse3, ssse3, sse4.1, sse4.2, popcnt, avx, avx2, aes, clmul, erms, 3dnowpref, lzcnt, ht, tsc, tscinvbit, bmi1, bmi2, adx, fma

Memory: 4k page, system-wide physical 8040M (490M free)
TotalPageFile size 8040M (AvailPageFile size 5M)
current process WorkingSet (physical memory assigned to process): 263M, peak: 266M
current process commit charge ("private bytes"): 337M, peak: 339M

vm_info: OpenJDK 64-Bit Server VM (11.0.9.1+1) for windows-amd64 JRE (11.0.9.1+1), built on Nov 10 2020 15:18:49 by "" with MS VC++ 15.9 (VS2017)

END.
